512	6,51552	0,432134	0,061113	14,9378	2,42301	0,242301	18,236	3,50905	0,286513
1024	15,1853	1,69696	0,239987	15,4372	1,06778	0,151007	19,3719	1,09632	0,155043
1536	15,6651	1,08776	0,153833	15,4369	1,07535	0,152078	19,7275	1,14492	0,161916
2048	15,7926	1,17803	0,166598	15,6118	1,08027	0,152773	19,6059	1,0802	0,152763
2560	15,7364	1,04292	0,147491	15,6179	1,08034	0,152783	19,5791	1,19392	0,168846
3072	15,7067	1,11445	0,157608	15,4697	1,05383	0,149034	19,5378	1,26146	0,178398
3584	15,5971	1,1342	0,1604	15,7866	1,07707	0,152321	19,5586	1,16478	0,164724
4096	15,6622	1,12432	0,159003	15,8103	1,09899	0,15542	19,8016	1,09333	0,15462
4608	15,594	1,07575	0,152133	15,7304	1,07231	0,151648	19,7274	1,10837	0,156747
5120	15,9348	1,10463	0,156218	15,603	1,06632	0,1508	19,7925	1,09316	0,154596
5632	15,6593	1,06124	0,150082	15,8073	1,06797	0,151034	19,5882	1,02171	0,144492
6144	15,8932	1,21258	0,171485	15,7541	1,08063	0,152825	19,7807	1,06548	0,150681
6656	16,0296	1,22424	0,173134	15,8193	1,09042	0,154209	20,0741	1,09444	0,154777
7168	15,9526	1,07724	0,152345	15,8489	1,0909	0,154276	20,0889	1,15263	0,163006
7680	15,7748	1,05236	0,148826	15,8311	1,05987	0,149889	20,0503	1,15286	0,163039
8192	16,1274	1,1235	0,158886	16,0681	1,08131	0,15292	19,926	1,09287	0,154556
8704	16,2814	1,07552	0,152101	15,9288	1,05361	0,149002	20,1571	1,06557	0,150694
9216	16,2252	1,1363	0,160698	16,0503	1,03397	0,146225	20,2579	1,09397	0,154711
9728	16,4978	1,10605	0,156419	16,3763	1,08334	0,153207	20,1098	1,09965	0,155514
10240	16,6608	1,09711	0,155155	16,3201	1,0622	0,150218	20,1007	1,08431	0,153344
10752	16,4623	1,11051	0,157049	16,6638	1,0537	0,149016	20,2786	1,08983	0,154125
11264	16,6815	1,20023	0,169739	16,6993	1,10301	0,155989	20,2192	1,06626	0,150792
11776	16,8948	1,17154	0,165681	16,8947	1,07205	0,151611	20,3053	1,08878	0,153976
12288	17,0341	1,13523	0,160546	16,9392	1,07823	0,152485	20,317	1,05995	0,149899
12800	17,117	1,12757	0,159462	16,8504	1,06778	0,151007	20,3111	1,10183	0,155822
13312	16,8771	1,03113	0,145824	16,9778	1,06327	0,150369	20,3733	1,07518	0,152053
13824	17,3066	1,10122	0,155736	17,0489	1,08541	0,1535	20,7021	1,08247	0,153085
14336	17,2948	1,14644	0,162131	17,0993	1,03373	0,146191	20,5452	1,10207	0,155857
14848	17,3512	1,07776	0,152418	17,3659	1,08952	0,154081	20,5895	1,13829	0,160979
15360	17,4487	1,09614	0,155017	17,4815	1,06459	0,150556	20,3999	1,0625	0,15026
15872	17,4283	1,06938	0,151234	17,5288	1,07643	0,15223	20,7941	1,10086	0,155686
16384	17,6355	1,13463	0,160461	17,7837	1,08123	0,152909	20,791	1,05675	0,149447
16896	17,7866	1,183	0,167302	17,7897	1,09102	0,154294	20,7674	1,12528	0,159139
17408	18,0829	1,23957	0,175302	17,8814	1,07303	0,15175	20,9689	1,19389	0,168842
17920	17,9793	1,08527	0,153481	18,0652	1,09047	0,154216	20,6756	1,04543	0,147846
18432	18,1393	1,09736	0,15519	18,1007	1,06686	0,150876	20,874	1,06759	0,15098
18944	18,0801	1,03733	0,146701	18,3082	1,08242	0,153078	21,0785	1,02904	0,145529
19456	18,4889	1,05644	0,149403	18,2518	1,04359	0,147586	21,1644	1,1227	0,158774
19968	18,2104	1,03024	0,145699	18,4297	1,07047	0,151387	21,2207	1,10403	0,156133
20480	18,6223	1,08866	0,153959	18,5423	1,07935	0,152643	21,1141	1,09368	0,15467
20992	18,7496	1,09035	0,154199	18,6963	1,08916	0,154031	21,2326	1,06677	0,150864
21504	18,6845	1,1506	0,16272	18,7201	1,07779	0,152422	21,0548	1,08066	0,152829
22016	18,9985	1,13126	0,159985	18,7289	1,07131	0,151506	21,2948	1,08937	0,15406
22528	19,3008	1,06621	0,150785	18,8681	1,04576	0,147892	21,3274	1,20131	0,169891
23040	19,1675	1,08445	0,153364	19,1674	1,0837	0,153258	21,363	1,09518	0,154882
23552	19,2859	1,2365	0,174868	19,3542	1,06156	0,150127	21,2889	1,15783	0,163741
24064	19,3037	1,22733	0,17357	19,3215	1,06381	0,150446	21,3127	1,07165	0,151555
24576	19,7512	1,15751	0,163697	19,4371	1,09361	0,15466	21,4993	1,05848	0,149692
25088	19,7779	1,20509	0,170425	19,5527	1,07963	0,152683	21,6178	1,08323	0,153192
25600	19,5437	1,09381	0,154688	19,5585	1,06808	0,151049	21,5675	1,08955	0,154086
26112	20,0088	1,3582	0,192079	19,6445	1,0928	0,154545	21,8815	1,26854	0,179398
26624	20,0059	1,25961	0,178136	19,8193	1,07926	0,152631	21,7659	1,08653	0,153659
27136	20,1748	1,13725	0,160831	20,1214	1,07734	0,152359	22,0503	1,11642	0,157886
27648	20,1777	1,15375	0,163165	20,0652	1,0896	0,154093	22,1155	1,09655	0,155076
28160	20,2045	1,07523	0,152061	20,0563	1,0654	0,150671	22,3348	1,1068	0,156525
28672	20,3082	1,20351	0,170202	20,2044	1,06064	0,149997	22,2311	1,07018	0,151346
29184	20,3496	1,11606	0,157835	20,3703	1,04544	0,147848	22,4475	1,07543	0,152088
29696	20,2606	1,10694	0,156545	20,3615	1,05778	0,149592	22,6132	1,14235	0,161553
30208	20,711	1,10298	0,155985	20,6044	1,07668	0,152265	22,7585	1,22407	0,173109
30720	20,6726	1,14369	0,161742	20,729	1,09507	0,154866	22,8444	1,19018	0,168318
31232	20,6252	1,0638	0,150444	20,9126	1,06805	0,151046	22,7852	1,11854	0,158186
31744	21,0756	1,05227	0,148814	20,8503	1,06607	0,150765	22,9837	1,09239	0,154487
32256	21,44	1,18551	0,167657	21,114	1,06005	0,149914	23,0638	1,06262	0,150278
32768	21,2563	1,14798	0,162349	21,12	1,08508	0,153454	23,1406	1,20088	0,16983
33280	21,5851	1,20888	0,170961	21,2799	1,07328	0,151784	23,2564	1,06686	0,150877
33792	21,5645	1,13109	0,15996	21,3273	1,09362	0,154661	23,2118	1,04562	0,147872
34304	21,677	1,15265	0,163009	21,3246	1,05957	0,149846	23,6029	1,09213	0,154451
34816	21,5555	1,08097	0,152872	21,5851	1,085	0,153442	23,517	1,05729	0,149523
35328	21,76	1,09875	0,155387	21,5734	1,07038	0,151374	23,7363	1,09245	0,154496
35840	22,0652	1,17016	0,165485	21,6533	1,04637	0,147979	23,84	1,07786	0,152432
36352	22,0267	1,13979	0,161191	21,6712	1,04968	0,148447	23,8993	1,12087	0,158515
36864	21,914	1,23112	0,174106	22,1156	1,08092	0,152865	24,0445	1,07799	0,152451
37376	22,1363	1,06329	0,150372	22,1007	1,06902	0,151182	24,1363	1,1318	0,160061
37888	22,2251	1,11121	0,157149	22,2903	1,08254	0,153095	24,32	1,12209	0,158688
38400	22,4296	1,16265	0,164424	22,4681	1,14111	0,161377	24,3971	1,1063	0,156454
38912	22,5156	1,27531	0,180356	22,394	1,18377	0,16741	24,5925	1,16997	0,165458
39424	22,3823	1,1069	0,156539	22,3912	1,07113	0,151481	24,3644	1,04291	0,14749
39936	22,7674	1,12328	0,158856	22,5542	1,10883	0,156812	24,6518	1,15956	0,163986
40448	22,9334	1,14595	0,162061	22,8354	1,07126	0,1515	24,8415	1,13204	0,160094
40960	23,0696	1,13259	0,160173	22,8592	1,07466	0,15198	24,9008	1,06571	0,150714
41472	22,8829	1,18865	0,168101	22,9748	1,17597	0,166307	25,0608	1,09499	0,154855
41984	23,3866	1,19118	0,168458	23,1437	1,08301	0,15316	25,3097	1,29307	0,182868
42496	23,129	1,21171	0,171362	23,203	1,12234	0,158722	25,2325	1,08227	0,153056
43008	23,2919	1,18086	0,166999	23,1852	1,04602	0,147929	25,2564	1,06971	0,15128
43520	23,4193	1,1447	0,161885	23,2444	1,08374	0,153264	25,4311	1,0736	0,151829
44032	23,4726	1,15508	0,163353	23,3393	1,06256	0,150268	25,5969	1,24327	0,175825
44544	23,6208	1,09086	0,15427	23,4844	1,05875	0,14973	25,2681	1,0252	0,144986
45056	23,8075	1,22179	0,172788	23,5555	1,07088	0,151446	25,6059	1,05719	0,149509
45568	23,8518	1,10385	0,156108	23,7127	1,06303	0,150335	25,8578	1,12711	0,159397
46080	23,92	1,18677	0,167835	24,0652	1,08502	0,153446	25,8785	1,11606	0,157835
46592	23,9852	1,10142	0,155764	23,8873	1,0466	0,148011	25,7719	1,03292	0,146077
47104	24,2547	1,07462	0,151974	24,1096	1,10615	0,156434	25,9852	1,06446	0,150537
47616	24,3022	1,11754	0,158044	24,3022	1,07403	0,15189	26,3675	1,16012	0,164066
48128	24,412	1,11358	0,157484	24,2815	1,08613	0,153602	26,3023	1,10913	0,156854
48640	24,4681	1,19328	0,168755	24,5214	1,07549	0,152098	26,5215	1,07346	0,151811
49152	24,7437	1,19066	0,168385	24,6193	1,08365	0,153252	26,4712	1,07561	0,152115
49664	24,8533	1,20085	0,169826	24,6577	1,06981	0,151294	26,7526	1,09065	0,154242
50176	24,9481	1,06917	0,151203	24,7082	1,06424	0,150506	27,0133	1,07994	0,152726
50688	24,9126	1,0801	0,152749	24,8	1,06662	0,150843	27,1793	1,19237	0,168627
51200	25,1407	1,21062	0,171208	25,1288	1,06108	0,15006	27,0696	1,05692	0,149471
51712	25,2118	1,11777	0,158076	24,9511	1,07837	0,152504	27,1733	1,1275	0,159452
52224	25,3837	1,07402	0,151889	25,0992	1,06322	0,150363	27,3628	1,12429	0,158998
52736	25,4223	1,14282	0,161619	25,3957	1,05145	0,148698	27,3097	1,08678	0,153694
53248	25,5141	1,17197	0,165742	25,3332	1,0412	0,147248	27,6089	1,07583	0,152146
53760	25,523	1,13382	0,160347	25,4637	1,09254	0,154509	27,7661	1,21239	0,171457
54272	25,6771	1,0995	0,155492	25,4727	1,06595	0,150748	27,5793	1,07479	0,151999
54784	25,7718	1,13174	0,160052	25,5229	1,05532	0,149245	27,677	1,07782	0,152427
55296	25,8252	1,12122	0,158564	25,8874	1,08108	0,152888	27,6889	1,06555	0,150691
55808	26,003	1,09082	0,154265	25,8193	1,05436	0,14911	28,0119	1,09553	0,154931
56320	26,077	1,12526	0,159136	26,0621	1,08111	0,152892	28,0829	1,10503	0,156274
56832	26,2163	1,181	0,167018	26,1778	1,07015	0,151342	28,2519	1,08756	0,153804
57344	26	1,05057	0,148572	26,1688	1,05903	0,149769	28,4859	1,18823	0,168041
57856	26,5748	1,13139	0,160003	26,406	1,07272	0,151706	28,5422	1,28474	0,181689
58368	26,5748	1,10706	0,156562	26,6697	1,08604	0,15359	28,6341	1,09528	0,154896
58880	26,6223	1,06996	0,151316	26,4296	1,03675	0,146618	28,4947	1,04665	0,148018
59392	26,7912	1,13083	0,159924	26,5718	1,07026	0,151358	28,7674	1,08896	0,154002
59904	26,8889	1,08261	0,153104	26,6816	1,08792	0,153855	28,7941	1,07482	0,152002
60416	26,8089	1,06621	0,150786	26,9837	1,09527	0,154895	28,9274	1,10006	0,155572
60928	27,1378	1,14394	0,161778	26,7881	1,00876	0,14266	29,0459	1,07311	0,15176
61440	27,0785	1,11477	0,157652	27,2059	1,09681	0,155112	29,0371	1,08423	0,153333
61952	27,2562	1,19849	0,169491	27,366	1,08204	0,153024	29,2415	1,09068	0,154245
62464	27,6266	1,10541	0,156329	27,3038	1,08966	0,154102	29,2059	1,15329	0,163099
62976	27,5792	1,19777	0,16939	27,3985	1,08806	0,153874	29,6296	1,24488	0,176053
63488	27,7036	1,2184	0,172308	27,517	1,07197	0,151599	29,6446	1,09531	0,154901
64000	27,4637	1,04368	0,147599	27,7276	1,08089	0,152861	29,6118	1,11692	0,157956
64512	27,8785	1,14638	0,162123	27,6917	1,08406	0,153309	29,9941	1,09692	0,155128
65024	28,1274	1,1171	0,157981	28,0295	1,0788	0,152565	29,8726	1,10617	0,156436
65536	27,9882	1,08364	0,15325	27,9289	1,09125	0,154326	30,0474	1,20155	0,169925
66048	28,2429	1,27786	0,180717	27,9467	1,04225	0,147397	30,0325	1,04664	0,148017
66560	28,2548	1,06198	0,150186	28,2193	1,09603	0,155002	30,3379	1,09815	0,155302
67072	28,4356	1,08145	0,15294	28,3585	1,06166	0,150141	30,3644	1,05984	0,149884
67584	28,5748	1,106	0,156412	28,406	1,09543	0,154917	30,3704	1,05744	0,149544
68096	28,5363	1,10895	0,156829	28,4415	1,05504	0,149205	30,3822	1,06995	0,151314
68608	28,5985	1,19762	0,169369	28,4889	1,08163	0,152966	30,714	1,06431	0,150516
69120	28,7793	1,14404	0,161792	28,6192	1,09103	0,154295	30,6963	1,08082	0,152851
69632	28,803	1,07047	0,151388	28,8445	1,14139	0,161417	30,6489	1,07027	0,151359
70144	29,0163	1,2162	0,171996	28,8652	1,09246	0,154497	30,9985	1,09629	0,155039
70656	29,0163	1,12668	0,159337	28,9304	1,07211	0,151619	31,3036	1,23989	0,175347
71168	29,2208	1,15948	0,163975	29,0401	1,08022	0,152766	31,3066	1,18115	0,16704
71680	29,4282	1,21907	0,172403	29,2562	1,06678	0,150866	31,2859	1,0836	0,153244
72192	29,3838	1,09253	0,154508	29,2771	1,06569	0,150711	31,4548	1,09825	0,155316
72704	29,4727	1,10028	0,155603	29,5022	1,06541	0,150672	31,5615	1,1801	0,166892
73216	29,6503	1,07167	0,151556	29,4934	1,05301	0,148918	31,7777	1,23883	0,175197
73728	29,6919	1,19316	0,168738	29,7215	1,06579	0,150726	31,7748	1,07266	0,151696
74240	29,7452	1,08802	0,153869	29,7245	1,07113	0,151481	31,9881	1,10206	0,155855
74752	30,1451	1,1751	0,166184	29,8311	1,10079	0,155675	31,9318	1,09821	0,155311
75264	30,1777	1,28958	0,182374	29,8874	1,08873	0,15397	32,0444	1,08669	0,153681
75776	30,329	1,15884	0,163885	30,1778	1,09409	0,154728	32,2016	1,07659	0,152253
76288	30,3349	1,2066	0,170639	30,0683	1,05267	0,14887	32,3466	1,10965	0,156928
76800	30,4267	1,1338	0,160344	30,3317	1,08331	0,153203	32,6518	1,1626	0,164416
77312	30,5364	1,11462	0,157632	30,1927	1,02378	0,144784	32,3882	1,10248	0,155914
77824	30,5276	1,0917	0,15439	30,3733	1,08351	0,153231	32,4505	1,06495	0,150607
78336	30,6933	1,21421	0,171715	30,7052	1,07783	0,152429	32,8149	1,19427	0,168895
78848	30,8001	1,08294	0,153151	30,7081	1,07664	0,15226	32,7437	1,07151	0,151534
79360	30,8237	1,10395	0,156122	30,9837	1,07122	0,151494	33,1674	1,09259	0,154515
79872	31,1112	1,10904	0,156842	31,1023	1,08553	0,153516	32,9837	1,09841	0,155338
80384	31,1318	1,07955	0,152671	31,0133	1,0798	0,152707	33,2267	1,14451	0,161858
80896	31,3422	1,11523	0,157718	31,2148	1,09534	0,154905	33,2089	1,11127	0,157158
81408	31,292	1,06433	0,150519	31,1646	1,06487	0,150596	33,2148	1,09032	0,154195
81920	31,4135	1,13504	0,160519	31,5852	1,06567	0,150708	33,4785	1,06394	0,150464
82432	31,4577	1,07315	0,151766	31,4341	1,0964	0,155055	33,5348	1,06408	0,150483
82944	31,6652	1,26203	0,178478	31,4934	1,05243	0,148836	33,5465	1,10995	0,15697
83456	31,6503	1,07532	0,152073	31,6859	1,1234	0,158873	33,8251	1,11331	0,157445
83968	31,8133	1,03769	0,146751	31,9348	1,06074	0,150011	33,923	1,06805	0,151045
84480	32,0385	1,0849	0,153428	31,8341	1,06775	0,151003	33,9438	1,16057	0,16413
84992	32,0267	1,15404	0,163206	32,0178	1,06437	0,150525	33,9378	1,06489	0,150598
85504	32,2164	1,09278	0,154543	32,169	1,07958	0,152675	34,1097	1,0823	0,153061
86016	32,1954	1,18801	0,16801	32,1688	1,08856	0,153946	34,3407	1,14631	0,162112
86528	32,477	1,09812	0,155297	32,4444	1,07928	0,152633	34,3378	1,06627	0,150794
87040	32,4355	1,10049	0,155633	32,5896	1,09991	0,155551	34,4889	1,13218	0,160114
87552	32,4593	1,13241	0,160147	32,4978	1,09594	0,15499	34,5659	1,06128	0,150088
88064	32,7319	1,12847	0,15959	32,6074	1,07006	0,151329	34,9392	1,15046	0,1627
88576	32,9778	1,29534	0,183188	32,7468	1,09724	0,155173	34,8741	1,26563	0,178987
89088	32,9748	1,13312	0,160248	32,7082	1,00485	0,142107	34,9097	1,0807	0,152834
89600	33,0015	1,13246	0,160154	33,04	1,06645	0,150819	35,0282	1,24794	0,176485
90112	33,0252	1,05089	0,148618	32,8118	1,06086	0,150028	35,0874	1,12798	0,15952
90624	33,3096	1,1532	0,163087	33,1852	1,08577	0,153551	35,0875	1,05762	0,149571
91136	33,5615	1,30512	0,184572	33,1585	1,13769	0,160894	35,3868	1,10575	0,156377
91648	33,4874	1,21241	0,17146	33,3807	1,08775	0,153831	35,4341	1,15908	0,163919
92160	33,5852	1,17414	0,166048	33,523	1,06878	0,151148	35,6415	1,07035	0,15137
92672	33,6355	1,07667	0,152264	33,7214	1,09313	0,154592	35,766	1,15027	0,162672
93184	33,8459	1,08213	0,153036	33,6681	1,0724	0,151661	35,5763	1,04887	0,148332
93696	33,9112	1,14884	0,16247	33,8311	1,08275	0,153124	35,9733	1,09668	0,155094
94208	34,0356	1,14508	0,161938	33,9407	1,06466	0,150566	35,9762	1,08474	0,153406
94720	34,0237	1,06776	0,151004	33,9704	1,06753	0,150971	36,0652	1,07255	0,151682
95232	34,3259	1,21812	0,172269	34,2933	1,09659	0,155081	35,9911	1,08057	0,152816
95744	34,4089	1,07322	0,151776	34,3971	1,07114	0,151483	36,1422	1,07581	0,152143
96256	34,6371	1,23004	0,173955	34,4207	1,08929	0,154049	38,0859	1,25491	0,177471
96768	34,7704	1,32415	0,187263	34,477	1,08123	0,152909	36,5748	1,08191	0,153006
97280	34,5926	1,08081	0,152849	34,8002	1,0879	0,153852	36,7584	1,15048	0,162703
97792	34,7141	1,07143	0,151524	34,6579	1,14067	0,161316	36,7289	1,1722	0,165774
98304	34,7348	1,21906	0,172402	34,8415	1,04916	0,148374	36,7496	1,10758	0,156635
98816	34,9689	1,1283	0,159566	34,9778	1,0591	0,14978	36,9688	1,13066	0,1599
99328	35,2415	1,22811	0,173681	35,111	1,08122	0,152908	37,0786	1,08831	0,153911
99840	35,2266	1,19284	0,168693	35,1762	1,08542	0,153502	37,5318	1,25866	0,178001
100352	35,1615	1,16519	0,164782	35,2534	1,06282	0,150305	37,126	1,08325	0,153195
100864	35,4104	1,16476	0,164722	35,3007	1,06995	0,151313	37,3628	1,16686	0,165019
101376	35,3689	1,10705	0,156561	35,4785	1,09816	0,155303	37,7778	1,2073	0,170738
101888	35,5318	1,0892	0,154036	35,7036	1,07243	0,151665	37,4281	1,08159	0,15296
102400	35,8576	1,05649	0,149411	35,6119	1,06869	0,151135	37,7245	1,21602	0,171971
102912	35,7511	1,10154	0,155782	35,763	1,08501	0,153444	38,6489	1,30041	0,183906
103424	35,9378	1,23672	0,174899	35,8993	1,08924	0,154042	37,8815	1,09621	0,155027
103936	36,2934	1,17595	0,166304	35,8312	1,0442	0,147673	37,7866	1,03172	0,145908
104448	36,3141	1,15748	0,163692	36,1808	1,08303	0,153164	38,237	1,08798	0,153864
104960	36,2253	1,12951	0,159737	36,1542	1,06707	0,150906	38,3585	1,10172	0,155807
105472	36,3851	1,08986	0,154129	36,5126	1,06295	0,150324	38,3674	1,07401	0,151889
105984	36,6578	1,24205	0,175652	36,4593	1,11958	0,158333	38,5125	1,16426	0,164652
106496	36,7023	1,19003	0,168295	36,6429	1,10937	0,156889	38,5184	1,07917	0,152617
107008	36,6371	1,10672	0,156514	36,7024	1,13329	0,160271	38,5836	1,12804	0,159529
107520	36,7378	1,12163	0,158622	36,7081	1,12436	0,159008	38,7793	1,05841	0,149681
108032	36,9749	1,11633	0,157873	36,8296	1,07879	0,152564	38,8445	1,27297	0,180026
108544	36,9837	1,17141	0,165662	36,963	1,06422	0,150504	38,9185	1,08711	0,15374
109056	37,1585	1,09347	0,15464	37,0904	1,08981	0,154123	39,1141	1,09992	0,155552
109568	37,2652	1,10555	0,156348	37,197	1,05689	0,149467	39,4045	1,18807	0,168018
110080	37,4934	1,21347	0,171611	37,4281	1,15644	0,163545	40,4207	1,15009	0,162647
110592	37,5675	1,31763	0,186341	37,4044	1,10381	0,156103	39,3482	1,12572	0,1592
111104	37,5349	1,10461	0,156216	37,6176	1,08496	0,153437	39,7808	1,13978	0,161189
111616	37,837	1,08162	0,152965	37,5821	1,09752	0,155213	39,5053	1,09053	0,154225
112128	37,8814	1,13865	0,161029	37,6119	1,06181	0,150163	40,4416	1,33877	0,18933
112640	38,0296	1,16504	0,164761	37,7244	1,07943	0,152655	39,8667	1,14297	0,161641
113152	37,7156	1,1026	0,155932	37,9911	1,12638	0,159295	40,5274	1,26992	0,179593
113664	37,9229	1,05804	0,149629	37,9911	1,05445	0,149122	40,8088	1,7026	0,240784
114176	38,2104	1,08025	0,15277	37,9319	1,04453	0,147718	40,2341	1,16535	0,164806
114688	38,1452	1,0647	0,150572	38,1749	1,07142	0,151522	41,5851	1,60939	0,227602
115200	38,5185	1,19094	0,168425	38,4296	1,06915	0,1512	40,5836	1,09947	0,155488
115712	38,4742	1,11958	0,158332	38,6103	1,07998	0,152732	42,0593	1,59345	0,225347
116224	38,5334	1,08211	0,153033	38,4917	1,10849	0,156765	40,7378	1,22134	0,172723
116736	38,8889	1,15763	0,163713	38,5985	1,08331	0,153203	40,8533	1,07226	0,151641
117248	38,8177	1,15287	0,16304	38,6934	1,07653	0,152244	41,1821	1,14462	0,161873
117760	38,9037	1,09108	0,154302	38,9097	1,06101	0,15005	43,9377	1,17233	0,165793
118272	38,954	1,22513	0,173259	39,0608	1,07022	0,151352	41,203	1,12535	0,159148
118784	39,2533	1,21425	0,171721	39,1674	1,09513	0,154875	41,3067	1,13846	0,161003
119296	39,0726	1,13016	0,159829	39,2178	1,07453	0,151961	45,0962	1,3744	0,19437
119808	39,2503	1,03875	0,146902	39,1911	1,07462	0,151974	42,3733	1,35262	0,19129
120320	39,4339	1,1751	0,166184	39,3718	1,14615	0,16209	41,6385	1,11198	0,157257
120832	39,5822	1,22366	0,173051	39,4726	1,08379	0,153271	41,5585	1,09406	0,154723
121344	39,8399	1,21016	0,171142	39,6207	1,11521	0,157715	42,5927	1,26252	0,178547
121856	39,5703	1,04769	0,148165	39,7303	1,07323	0,151778	42,2934	1,29361	0,182944
122368	39,9468	1,07947	0,15266	39,914	1,09	0,154149	42,8592	1,08824	0,153901
122880	40,1067	1,10413	0,156148	39,9674	1,07685	0,152289	45,0399	1,24474	0,176032
123392	40,0355	1,17929	0,166777	40,0059	1,06278	0,1503	45,7629	1,17008	0,165474
123904	40,3555	1,12178	0,158644	40,2015	1,09228	0,154472	45,1229	1,44042	0,203707
124416	40,3881	1,1211	0,158548	40,2786	1,09342	0,154633	43,9704	1,28669	0,181966
124928	40,4178	1,14069	0,161318	40,6785	1,05184	0,148753	43,8312	1,27618	0,180479
125440	40,5067	1,14246	0,161568	40,2905	1,1046	0,156214	45,7984	1,35351	0,191415
125952	40,6193	1,08734	0,153773	40,6846	1,08163	0,152965	47,0844	1,24005	0,17537
126464	40,8356	1,29143	0,182636	40,7852	1,08349	0,153228	44,7971	1,43378	0,202767
126976	40,8118	1,15237	0,162969	40,64	1,07509	0,15204	44,7496	1,08267	0,153113
127488	41,0192	1,07732	0,152355	40,8059	1,07294	0,151736	43,1823	1,30206	0,184139
128000	41,0341	1,07235	0,151653	40,8385	1,06101	0,15005	46,1896	1,16712	0,165056
128512	41,2177	1,13227	0,160127	41,2178	1,13428	0,160412	46,2312	1,30579	0,184667
129024	41,1379	1,19698	0,169278	41,1585	1,07529	0,15207	45,2889	1,31127	0,185442
129536	41,4135	1,10427	0,156168	41,1823	1,06895	0,151173	45,5971	1,13388	0,160355
130048	41,766	1,27359	0,180113	41,5466	1,11552	0,157759	44,6311	1,25484	0,177461
130560	41,8488	1,238	0,17508	41,5999	1,08119	0,152903	46,8622	1,24078	0,175472
131072	41,8251	1,1456	0,162012	41,4992	1,05862	0,149711	47,1052	1,32872	0,187909
131072	41,5259	1,06332	0,150376	41,5141	1,0477	0,148167	47,0578	1,25334	0,177249
262144	65,7896	1,11103	0,157124	65,8459	1,10339	0,156043	103,073	1,41656	0,200332
393216	93,4104	1,1171	0,157982	93,2919	1,07798	0,15245	166,205	1,30897	0,185116
524288	120,904	1,2621	0,178488	121,01	1,55628	0,220091	229,093	1,21685	0,172089
655360	148,207	1,1163	0,157868	148,216	1,11878	0,15822	291,404	1,48365	0,20982
786432	175,55	1,12465	0,159049	175,689	1,49384	0,211261	354,089	1,83736	0,259842
917504	202,598	1,04804	0,148216	202,868	1,08109	0,152889	416,874	1,32895	0,187941
1048576	230,379	1,31191	0,185531	230,249	1,11583	0,157803	479,47	1,43411	0,202814
1179648	257,653	1,10723	0,156585	257,573	1,10619	0,156439	541,724	1,61146	0,227895
1310720	285,034	1,2078	0,170809	285,156	1,0903	0,154192	604,424	1,32912	0,187966
1441792	312,599	1,32505	0,187391	312,533	1,38446	0,195792	667,804	1,84823	0,261379
1572864	339,71	1,12792	0,159512	339,624	1,17198	0,165744	730,388	1,56321	0,221071
1703936	367,259	1,08622	0,153615	367,025	1,1054	0,156327	792,172	1,86203	0,263331
1835008	394,329	1,10615	0,156434	394,569	1,18807	0,168019	855,102	1,3177	0,186351
1966080	421,926	1,2919	0,182702	421,855	1,14412	0,161803	917,473	1,39667	0,197519
2097152	448,981	1,05427	0,149097	449,384	1,11215	0,157282	981,473	1,70753	0,241481
2228224	476,915	1,54423	0,218387	476,791	1,11902	0,158253	1043,36	1,24511	0,176085
2359296	504,003	1,20033	0,169753	504,05	1,17933	0,166783	1105,67	1,46448	0,207108
2490368	531,482	1,21735	0,17216	531,434	1,16372	0,164576	1168,43	1,32021	0,186705
2621440	558,806	1,09917	0,155446	558,64	1,12267	0,15877	1231,92	1,73854	0,245867
2752512	586,139	1,37747	0,194804	586,139	1,3088	0,185092	1293,7	1,38876	0,1964
2883584	613,585	1,4226	0,201186	613,354	1,10454	0,156206	1356,89	1,68663	0,238526
3014656	641,155	1,64095	0,232066	640,915	1,28064	0,18111	1418,88	1,4528	0,205457
3145728	668,249	1,42548	0,201593	668,347	1,09129	0,154332	1482,37	1,87031	0,264502
3276800	695,745	1,12395	0,15895	695,917	1,59707	0,22586	1544,15	1,67568	0,236977
3407872	722,978	1,14878	0,162463	722,966	1,09086	0,154271	1606,86	1,64175	0,232179
3538944	750,687	1,55138	0,219399	750,225	1,16363	0,164562	1650,62	129,906	18,3715
3670016	777,896	1,32613	0,187543	778,101	1,26833	0,179369	1712,95	134,617	19,0377
3801088	805,153	1,29547	0,183207	805,369	1,11727	0,158006	1794,47	1,87451	0,265096
3932160	832,406	1,07521	0,152058	832,426	1,20155	0,169925	1857,91	1,34961	0,190864
4063232	860,065	1,40548	0,198765	859,84	1,12348	0,158884	1920,94	1,973	0,279024
4194304	887,541	1,73608	0,245518	887,325	1,12754	0,159459	1983,03	1,51243	0,21389
4325376	914,877	1,53821	0,217536	914,622	1,1083	0,156737	2045,76	1,71018	0,241856
4456448	941,982	1,23475	0,17462	942,003	1,16697	0,165034	2107,91	1,53168	0,216612
4587520	969,663	1,35157	0,19114	969,414	1,33183	0,188349	2170,44	1,45472	0,205729
4718592	996,586	1,09465	0,154807	996,811	1,2111	0,171276	2233,68	2,18181	0,308555
4849664	1024,05	1,29962	0,183793	1024,17	1,09405	0,154722	2295,62	1,889	0,267145
4980736	1051,44	1,10197	0,155842	1051,44	1,11353	0,157476	2358,95	1,47027	0,207927
5111808	1078,87	1,09684	0,155116	1078,97	1,21162	0,171349	2394,69	189,536	26,8045
5242880	1106,61	1,46155	0,206694	1106,19	1,10787	0,156677	2483,84	1,56252	0,220974
5373952	1133,82	1,58593	0,224284	1133,71	1,29986	0,183828	2518,79	199,853	28,2635
5505024	1160,96	1,13861	0,161024	1161,05	1,30782	0,184953	2609,79	2,01668	0,285202
5636096	1188,46	1,42406	0,201392	1188,22	1,12232	0,158721	2673,91	2,17176	0,307134
5767168	1215,93	1,20294	0,170122	1215,64	1,24014	0,175383	2734,89	1,73885	0,24591
5898240	1243,27	1,11402	0,157546	1243,09	1,1657	0,164856	2796,93	1,73016	0,244682
6029312	1270,43	1,12073	0,158496	1270,42	1,14976	0,162601	2859	1,52216	0,215265
6160384	1298,08	1,31643	0,186172	1297,78	1,12444	0,15902	2921,92	1,92941	0,27286
6291456	1325,24	1,09427	0,154753	1325,24	1,13535	0,160563	2985,9	1,61992	0,229091
6422528	1352,44	1,0739	0,151873	1352,49	1,08092	0,152866	3047,14	1,40252	0,198346
6553600	1380,28	1,5932	0,225312	1379,96	1,09976	0,15553	3109,82	1,48131	0,209489
6684672	1407,47	1,36111	0,19249	1407,57	1,36514	0,19306	3172,39	1,6404	0,231988
6815744	1434,63	1,09917	0,155446	1435,02	1,61704	0,228684	3235,3	1,53691	0,217352
6946816	1462,01	1,08963	0,154097	1462,17	1,38252	0,195518	3298,62	2,05752	0,290978
7077888	1489,5	1,08706	0,153734	1489,54	1,08866	0,153959	3360,68	1,89088	0,26741
7208960	1516,97	1,51152	0,213761	1516,87	1,10302	0,15599	3384,89	269,208	38,0718
7340032	1544,43	1,29349	0,182927	1544,27	1,09856	0,15536	3485,48	1,61827	0,228858
7471104	1571,61	1,29554	0,183217	1571,67	1,17816	0,166617	3548,4	1,81838	0,257158
7602176	1599,13	1,32406	0,18725	1598,78	1,09075	0,154256	3571,22	284,274	40,2024
7733248	1626,48	1,11295	0,157395	1626,39	1,09952	0,155495	3673,34	1,79821	0,254305
7864320	1654,03	1,51348	0,214038	1653,91	1,4596	0,206419	3695,07	294,557	41,6566
7995392	1681,13	1,3055	0,184626	1681,12	1,12392	0,158946	3756,18	299,442	42,3475
8126464	1707,19	10,9814	1,55301	1708,52	1,11812	0,158126	3869,14	57,0695	8,07085
8257536	1736,15	1,73739	0,245704	1735,85	1,10581	0,156385	3878,49	345,209	48,8199
8388608	1262,83	176,173	24,9147	1954,87	42,2109	5,96952	4347,56	317,943	44,9639
8519680	1234,5	100,64	14,2326	1560,44	585,628	29,2814	4472,2	34,3083	4,85192
8650752	1244,98	99,4385	14,0627	1686,85	515,812	32,6228	4538,89	59,9944	8,48449
8781824	2015,17	381,714	31,1668	2139,68	50,6994	7,16998	4579,64	45,0627	6,37282
8912896	1955,04	439,715	35,9026	1886,52	484,911	34,2884	3884,81	1406,98	75,2065
9043968	1971,35	453,317	37,0132	2164,89	42,4776	6,00724	2865,82	1687,87	54,7618
9175040	2290,03	78,2517	11,0665	1939,72	471,282	38,48	4229,5	1267,08	80,1369
9306112	1276,74	182,641	18,2641	1976,32	481,928	39,3492	1364,5	378,542	23,9411
9437184	1279,51	100,393	14,1977	1944,34	512,644	32,4224	1319,44	122,406	17,3108
9568256	1289,05	81,7629	11,563	1967,55	522,705	33,0588	1457,87	658,267	28,0686
9699328	2130,02	474,727	33,5683	1904,79	567,049	32,7386	1325,17	95,9235	13,5656
9830400	1345,25	163,584	23,1343	2072,54	492,397	40,204	1353,93	330,463	26,9822
9961472	2199,44	477,895	39,02	2363,99	41,3281	5,84467	1336,39	127,339	18,0085
10092544	2466,22	22,9233	3,24184	2376,4	37,8569	5,35377	1464,85	648,011	27,6313
10223616	1321,05	152,372	15,2372	1845,49	645,986	34,5294	1491,45	726,753	28,5056
10354688	1349,41	36,5886	5,1744	2164,99	521,608	42,5892	1376,96	143,359	20,274
10485760	2465	309,241	30,9241	2467,23	22,5505	3,18912	1437,8	492,319	28,4241
10616832	2576,3	44,626	6,31108	1780,74	651,055	32,5528	1497,16	649,437	29,0437
10747904	2606,04	31,3023	4,42682	2525,05	38,2634	5,41126	1502,6	672,189	28,6622
10878976	1368,15	156,335	15,6335	2060,78	638,424	40,3775	1473,61	579,855	28,9927
11010048	1352,46	86,7708	12,2712	2572,42	31,3567	4,4345	1442,21	180,126	25,4737
11141120	2416,71	542,356	38,3503	2328,64	543,181	44,3505	1436,08	186,503	26,3755
11272192	2722,99	22,4178	3,17035	2098,14	634,81	36,6508	1412,57	180,356	25,5062
11403264	2415,72	578,593	47,2419	2660,32	24,2095	3,42374	1605	825,493	31,2007
11534336	2515,53	539,845	38,1728	2224,55	608,107	38,4601	1539,21	512,282	29,5766
11665408	2806,46	26,31	3,7208	2704,88	37,9441	5,3661	1609,73	710,342	30,2891
11796480	1450,79	290,386	23,7099	1506,32	200,664	28,3782	1628,75	644,798	32,2399
11927552	1405,7	62,3897	8,82324	1471,75	83,4499	11,8016	1615,87	203,79	28,8203
12058624	1433,08	63,6314	8,99883	2617,98	457,459	37,3514	1620,73	204,235	28,8832
12189696	1450,19	173,47	17,347	2040,49	644,643	37,2185	1754,9	637,285	34,0643
12320768	1432,26	66,7038	9,43334	1870,95	590,019	34,0648	1667,68	202,971	28,7044
12451840	1433,15	63,6757	9,0051	1732,93	486,996	30,8003	1740,84	167,84	23,7361
12582912	2080,58	207,703	29,3736	1642,88	306,871	30,6871	2293,12	634,592	44,8724
12713984	1947,66	231,36	32,7192	1593,15	217,057	30,6965	2290,09	535,365	43,7124
12845056	1987,91	161,653	22,8611	1578,44	59,2891	8,38475	2312,51	709,256	40,9489
12976128	2117,04	214,703	30,3636	1670,11	189,89	26,8545	2175,75	166,129	23,4942
13107200	2069,31	172,873	24,4479	1648,58	214,677	30,3599	2237,46	408,854	40,8854
13238272	2023,25	176,755	24,997	1682,7	326,196	32,6196	2182,21	178,879	25,2973
13369344	2248,26	121,297	17,1539	1778,25	438,552	31,0103	2151,72	168,17	23,7829
13500416	2101,88	202,965	28,7036	1828,51	510,37	36,0886	2239,48	516,716	36,5374
13631488	2024,02	144,196	20,3924	1684,24	225,326	31,8659	2288,25	738,121	42,6154
13762560	2235,5	338,686	33,8686	1636,42	89,5657	12,6665	2242,16	586,683	37,1051
13893632	2041,96	169,372	23,9529	1672,3	173,722	17,3722	2222,3	603,447	42,6701
14024704	2074,47	157,974	22,3409	1672,73	64,1467	9,07171	2239,55	504,747	41,2124
14155776	2240,04	191,105	27,0263	1668,6	102,083	14,4368	2205,67	149,775	21,1814
14286848	2059	155,293	21,9617	1781,82	422,517	34,4984	2219,28	522,525	42,664
14417920	2056,82	140,193	19,8263	1916,92	602,79	38,1238	2316,79	733,676	42,3588
14548992	2200,27	252,112	35,6541	1963,96	648,107	37,4185	2172,71	144,849	20,4848
14680064	2045,69	137,426	19,435	1908,43	524,428	37,0826	2247,07	249,909	35,3425
14811136	2052,87	147,421	20,8484	1955,68	340,049	34,0049	2216,37	154,303	21,8218
14942208	2183,91	249,238	35,2476	1984,78	322,778	32,2778	2250,91	125,526	17,7521
15073280	2053,72	104,882	14,8326	2003,38	154,094	21,7922	2258,91	342,178	34,2178
15204352	2055,72	102,035	14,4299	2147,49	487,527	39,8064	2340,44	528,424	43,1457
15335424	2125,4	242,84	34,3428	2267,16	498,13	40,6722	2281,46	98,7734	13,9687
15466496	2061,76	104,116	14,7242	2135,58	450,528	36,7855	2257,99	152,859	21,6175
15597568	2056,21	143,756	20,3302	2202,36	524,416	42,8184	2260,86	124,821	17,6523
15728640	2142	236,462	33,4407	2097,77	283,073	40,0326	2320,34	76,2495	10,7833
15859712	2059,04	120,266	17,0082	2059,94	257,504	36,4165	2259,97	112,619	15,9267
15990784	2059,62	81,4729	11,522	2128,91	425,071	42,5071	2274,07	127,734	18,0643
16121856	2152,64	238,509	33,7303	2120,23	294,722	41,6799	2332,89	71,142	10,061
16252928	2059,67	86,072	12,1724	2031,67	66,4652	9,3996	2265,82	114,221	16,1533
16384000	2080,86	67,6122	9,56181	2058,2	76,9167	10,8777	2329,55	90,0999	12,7421
16515072	2128,2	228,031	32,2485	2176,3	198,239	28,0353	2362,3	57,0168	8,06339
16646144	2062,42	74,1667	10,4888	2094,49	261,826	37,0278	2358,58	81,1285	11,4733
16777216	2213,68	102,779	14,5351	2326,98	531,25	43,3763	2286,65	174,906	24,7355

