512	0,000347201	-0,000474561	2,88785e-005	-0,0019618
1024	0,000468615	0,000202481	0,000364508	-0,000949105
1536	0,000148618	-9,59511e-006	-2,30831e-005	-0,000354944
2048	-4,33465e-005	7,24662e-006	-3,90215e-005	-0,00069447
2560	-5,20542e-005	-1,50234e-005	5,78985e-006	-0,000550961
3072	4,92179e-005	5,59483e-005	8,01111e-005	-0,000432988
3584	9,42536e-005	0,000103366	8,26892e-005	-0,000367901
4096	1,59144e-005	9,42405e-006	6,29309e-005	-0,000315366
4608	-8,33761e-006	1,02992e-005	-1,99473e-005	-0,000372301
5120	3,8787e-005	3,06889e-005	5,14969e-005	-0,000196749
5632	2,05111e-005	4,10371e-005	1,84165e-005	-0,000179396
6144	3,66376e-005	1,97593e-005	3,85713e-005	-0,000217027
6656	5,20945e-005	3,47269e-005	3,65081e-005	-0,000152247
7168	3,10091e-005	6,53232e-005	3,88646e-005	-0,000143013
7680	7,58717e-007	1,3495e-005	1,69774e-005	-0,000180952
8192	2,89315e-005	2,8946e-005	8,68295e-006	-0,000128042
8704	4,41951e-006	2,55377e-005	-4,76465e-006	-0,000146043
9216	-2,02426e-005	-4,48691e-006	9,9786e-006	-0,000116699
9728	4,69116e-005	1,9496e-005	4,08221e-005	-0,000109947
10240	1,18555e-005	1,21465e-005	8,40183e-006	-0,000167255
10752	-1,18493e-005	-2,86587e-005	3,72059e-005	-0,000151289
11264	2,41963e-005	5,53239e-006	1,68469e-005	-0,000102855
11776	1,68529e-005	1,58417e-005	1,13226e-005	-0,000118249
12288	1,9774e-005	5,30497e-006	1,4714e-005	-9,71658e-005
12800	1,52864e-005	1,01912e-005	1,52799e-005	-8,60956e-005
13312	2,78186e-005	2,46984e-005	3,47173e-005	-7,18957e-005
13824	2,0354e-005	1,9071e-005	1,05075e-005	-0,000111029
14336	-1,07552e-005	7,64137e-006	-2,68873e-006	-0,000102312
14848	-5,79963e-006	-1,2974e-005	5,97177e-006	-0,000100184
15360	-1,25392e-005	1,54426e-006	-8,30218e-006	-9,18237e-005
15872	6,16548e-006	-5,53746e-007	1,28852e-005	-7,09361e-005
16384	-1,37417e-005	-1,12145e-005	-1,44565e-006	-8,10195e-005
16896	2,10219e-006	1,92898e-005	7,54247e-006	-0,000109423
17408	1,15782e-005	1,0385e-005	6,81093e-006	-8,527e-005
17920	2,21576e-005	6,78003e-006	2,67767e-005	-8,8626e-005
18432	7,87568e-006	-4,81597e-007	5,46376e-006	-7,00832e-005
18944	2,03348e-005	7,041e-006	3,60366e-006	-7,42901e-005
19456	7,76311e-006	-1,67775e-006	4,72524e-006	-7,99498e-005
19968	-5,04825e-006	-2,07241e-006	1,93276e-006	-9,34815e-005
20480	6,79698e-006	1,25907e-005	-7,22893e-007	-6,79996e-005
20992	7,33791e-006	1,97589e-005	7,19672e-006	-4,63008e-005
21504	1,92527e-006	-2,34268e-006	2,06381e-006	-6,43485e-005
22016	-1,21254e-006	1,88292e-006	2,15131e-006	-6,28508e-005
22528	3,94695e-006	6,58022e-007	-3,29079e-006	-5,98436e-005
23040	1,09295e-005	1,51777e-005	8,87563e-006	-4,48805e-005
23552	1,25797e-005	-1,88726e-006	-4,99675e-007	-4,59174e-005
24064	9,3611e-006	1,10982e-006	5,29594e-006	-3,8169e-005
24576	-1,4951e-005	-6,87409e-006	-1,18121e-005	-5,03979e-005
25088	-1,65357e-006	1,14588e-005	2,59554e-006	-3,75572e-005
25600	7,87169e-006	3,70368e-006	4,28647e-006	-4,53675e-005
26112	1,20314e-005	1,60019e-005	2,15906e-006	-4,70916e-005
26624	1,32451e-005	2,58211e-005	1,12398e-005	-4,01765e-005
27136	2,94593e-006	3,38242e-006	1,52709e-006	-4,88068e-005
27648	1,56531e-005	1,14641e-005	4,31996e-007	-3,56888e-005
28160	-1,16256e-006	-1,49012e-009	5,78612e-006	-3,7778e-005
28672	9,19561e-006	-5,15554e-007	3,20588e-006	-4,4431e-005
29184	3,65837e-006	1,62776e-006	2,84011e-006	-4,48765e-005
29696	2,59075e-006	5,48568e-006	3,19373e-006	-4,47953e-005
30208	2,1536e-006	-5,93142e-007	4,99795e-006	-4,81641e-005
30720	-3,37437e-006	4,73e-006	-3,46887e-006	-4,36854e-005
31232	5,4112e-006	8,06483e-006	1,39516e-005	-3,13062e-005
31744	-6,50364e-007	4,94755e-006	-4,67464e-007	-3,60287e-005
32256	5,88241e-006	7,53573e-006	2,30093e-006	-3,41656e-005
32768	-2,80282e-006	3,34531e-006	-5,24544e-006	-3,78889e-005
33280	5,52249e-006	1,7839e-006	2,76302e-006	-3,45431e-005
33792	1,01599e-009	2,71608e-006	-1,14186e-006	-3,99839e-005
34304	7,94899e-006	8,80725e-008	1,55706e-006	-3,1609e-005
34816	-7,66314e-007	4,17265e-006	1,9629e-006	-3,26784e-005
35328	1,10737e-005	4,22739e-007	5,78575e-006	-2,85141e-005
35840	5,20923e-006	4,13656e-006	7,35915e-006	-3,33143e-005
36352	1,05788e-006	3,50377e-006	7,57409e-006	-3,45577e-005
36864	9,08205e-006	8,35986e-006	1,51903e-005	-2,35523e-005
37376	-5,57263e-007	-5,4726e-006	-1,90408e-006	-2,57652e-005
37888	4,0652e-006	9,45992e-006	6,25416e-006	-3,52687e-005
38400	7,71751e-006	-3,00785e-006	7,48207e-006	-3,04751e-005
38912	6,17006e-006	6,47152e-006	2,05411e-006	-2,4748e-005
39424	1,72786e-006	1,35223e-006	2,2554e-006	-2,26975e-005
39936	8,93974e-007	5,93744e-006	6,75443e-006	-2,70792e-005
40448	3,15075e-006	1,31847e-006	1,97591e-006	-2,17581e-005
40960	7,96653e-007	4,26946e-006	5,20796e-006	-2,61133e-005
41472	2,8441e-007	2,4987e-006	-3,86179e-006	-2,84388e-005
41984	-1,76561e-006	6,34935e-006	-7,78677e-007	-2,91488e-005
42496	8,50731e-006	1,39496e-006	8,09079e-006	-2,89324e-005
43008	7,44224e-006	3,37644e-006	2,41213e-006	-2,25981e-005
43520	1,31384e-005	8,10308e-006	5,51483e-006	-2,58686e-005
44032	3,49735e-006	6,25771e-006	9,82688e-006	-2,41573e-005
44544	4,52379e-006	7,99524e-007	3,0615e-006	-2,38104e-005
45056	-7,2186e-007	3,15727e-006	3,68203e-006	-1,92028e-005
45568	6,88894e-006	2,01141e-006	2,20437e-006	-2,47777e-005
46080	-3,88672e-007	8,96967e-007	-2,70282e-006	-2,55289e-005
46592	1,23631e-007	5,97447e-006	2,98727e-006	-2,40403e-005
47104	4,27728e-006	1,76093e-006	1,06973e-006	-2,1323e-005
47616	9,58073e-006	4,10503e-006	9,95662e-006	-1,79206e-005
48128	2,39917e-006	6,70893e-006	5,9118e-006	-2,1485e-005
48640	-2,86181e-006	2,86455e-006	8,77153e-006	-2,47892e-005
49152	7,65493e-006	4,9416e-006	1,5668e-006	-1,72424e-005
49664	2,97639e-007	4,23784e-006	8,23512e-006	-2,21923e-005
50176	-3,71951e-006	-4,25109e-006	-2,30307e-006	-3,09461e-005
50688	3,50855e-007	5,08709e-006	8,82638e-006	-1,60753e-005
51200	3,01048e-006	5,32635e-006	2,25745e-006	-2,11784e-005
51712	1,31418e-006	3,99823e-007	-7,45427e-007	-2,79049e-005
52224	4,20089e-006	1,87265e-006	-4,51418e-007	-2,25218e-005
52736	-1,1246e-006	2,75201e-006	1,51652e-006	-2,59018e-005
53248	2,17285e-006	1,44978e-006	7,80448e-007	-2,5595e-005
53760	-2,2588e-006	-4,07923e-006	-8,48884e-006	-3,49407e-005
54272	5,62287e-006	7,15298e-006	7,4801e-006	-1,87249e-005
54784	-1,18973e-006	-3,78462e-006	6,49523e-007	-2,61239e-005
55296	4,0198e-006	4,71774e-006	1,87755e-006	-2,58799e-005
55808	3,82003e-006	5,46586e-006	8,22756e-006	-1,91671e-005
56320	-1,37077e-006	-8,43203e-007	-1,63053e-006	-1,67849e-005
56832	4,43115e-006	5,47316e-006	2,03253e-006	-2,16887e-005
57344	-1,9625e-006	5,69105e-007	-4,13574e-007	-2,03584e-005
57856	1,33128e-006	4,14819e-006	6,91546e-006	-1,83344e-005
58368	1,87644e-006	9,15114e-007	1,1168e-006	-1,85295e-005
58880	4,47968e-006	3,21995e-006	4,78081e-006	-1,44914e-005
59392	7,48456e-006	5,03871e-006	3,14119e-006	-1,87599e-005
59904	1,43255e-006	-1,88054e-006	3,01621e-006	-1,8155e-005
60416	2,304e-006	2,43217e-007	2,15555e-006	-1,83909e-005
60928	4,28051e-006	3,59838e-006	1,84856e-006	-1,29354e-005
61440	-2,9405e-006	-4,82208e-006	-1,4474e-006	-1,93865e-005
61952	4,44954e-006	2,87149e-006	3,11225e-006	-2,3003e-005
62464	-4,64623e-006	9,96912e-007	-1,66026e-006	-1,51313e-005
62976	3,76139e-006	2,82177e-006	4,6574e-006	-1,50583e-005
63488	-2,19095e-006	3,25903e-007	3,17479e-006	-1,60071e-005
64000	2,87199e-006	1,99187e-006	2,50101e-006	-2,03687e-005
64512	3,5479e-010	-4,5905e-006	-2,38785e-006	-2,0804e-005
65024	6,24206e-006	4,83091e-006	5,78576e-006	-1,93214e-005
65536	-1,94495e-006	-7,6904e-007	2,5765e-006	-2,13407e-005
66048	2,73696e-006	5,15823e-006	2,01893e-006	-1,99636e-005
66560	-1,55855e-006	-1,1569e-006	2,13866e-006	-1,84732e-005
67072	1,36784e-006	4,4203e-007	4,41347e-008	-2,01444e-005
67584	-1,40331e-006	-1,75439e-006	-7,90665e-007	-1,63547e-005
68096	3,74232e-006	4,34968e-006	3,8724e-006	-1,56649e-005
68608	2,8062e-006	3,88731e-006	3,23878e-006	-1,46418e-005
69120	3,68842e-006	-8,11285e-007	3,602e-006	-1,82152e-005
69632	1,23406e-006	8,93522e-007	2,85193e-006	-1,47228e-005
70144	1,81794e-006	1,77552e-006	3,8867e-006	-1,12363e-005
70656	7,12913e-006	2,30698e-006	2,85379e-006	-1,63529e-005
71168	4,4548e-006	-6,65835e-007	-1,24891e-006	-1,58211e-005
71680	7,011e-007	4,79466e-006	1,1558e-006	-1,10782e-005
72192	4,79997e-006	2,74911e-006	4,22728e-006	-1,31752e-005
72704	-8,95959e-007	-1,71091e-006	3,34374e-006	-1,67889e-005
73216	-3,23136e-007	4,20994e-006	1,25524e-006	-1,20595e-005
73728	6,91228e-006	4,30023e-006	4,86409e-006	-1,16133e-005
74240	6,22622e-006	3,83268e-006	5,62843e-006	-6,42538e-006
74752	6,02578e-006	3,09148e-006	3,8049e-006	-1,40707e-005
75264	-2,00993e-006	-5,92904e-007	2,36057e-006	-1,81896e-005
75776	9,36961e-007	-6,26856e-007	-5,04344e-006	-1,8105e-005
76288	1,86435e-006	5,86416e-006	2,64191e-006	-1,433e-005
76800	1,00354e-006	-2,31345e-006	3,5125e-006	-1,5855e-005
77312	6,28503e-006	1,11137e-006	2,60563e-006	-1,31847e-005
77824	6,0136e-006	2,5132e-006	2,13096e-006	-1,6714e-005
78336	-7,55284e-007	1,96793e-006	3,03088e-007	-1,77004e-005
78848	1,39007e-006	6,91414e-006	4,73634e-006	-1,01465e-005
79360	-2,01598e-006	-4,10118e-007	1,38167e-006	-1,50094e-005
79872	-3,15274e-006	1,18722e-006	3,33996e-006	-1,4393e-005
80384	-1,99192e-006	-2,59489e-007	-1,65868e-006	-1,49299e-005
80896	1,1356e-006	1,68609e-006	2,74794e-006	-1,73615e-005
81408	3,27451e-007	-1,71026e-006	2,40246e-006	-1,48126e-005
81920	8,32044e-007	-1,91713e-006	1,08499e-006	-1,29483e-005
82432	3,84663e-006	2,55393e-006	1,58156e-006	-8,98568e-006
82944	3,92894e-006	5,50101e-006	6,77543e-007	-1,35399e-005
83456	2,09457e-006	9,26706e-006	7,49154e-006	-1,15383e-005
83968	2,3999e-006	2,36401e-006	4,09418e-006	-1,3021e-005
84480	2,80801e-006	-6,66398e-007	9,82032e-007	-1,18195e-005
84992	1,53392e-006	2,05726e-006	-1,38329e-007	-1,2724e-005
85504	-2,32217e-006	-1,59567e-006	-1,73344e-006	-1,88185e-005
86016	3,09882e-006	5,23456e-006	4,58104e-006	-1,07131e-005
86528	-1,81344e-006	3,76497e-007	-1,43739e-006	-1,48615e-005
87040	1,66911e-006	2,45264e-006	1,12399e-006	-1,1335e-005
87552	1,35313e-006	5,08557e-007	-2,64047e-006	-1,34018e-005
88064	-1,07817e-006	5,72309e-007	-5,71615e-007	-1,59486e-005
88576	1,43671e-006	3,54648e-006	2,40899e-006	-1,30797e-005
89088	4,32493e-006	4,52439e-006	4,69121e-006	-8,21319e-006
89600	4,28046e-007	-2,77979e-006	6,93372e-007	-1,32613e-005
90112	-2,17066e-006	-3,15651e-006	3,15617e-006	-1,55529e-005
90624	4,34903e-006	3,40151e-006	5,81962e-006	-1,27178e-005
91136	4,25972e-006	1,16949e-006	3,34824e-006	-9,71999e-006
91648	3,49328e-006	2,39326e-006	-2,57732e-007	-1,19929e-005
92160	4,69453e-006	-1,57497e-006	-1,80105e-006	-9,03457e-006
92672	3,16497e-006	2,55378e-007	5,14716e-006	-5,11579e-006
93184	1,74933e-006	1,74827e-006	3,78424e-006	-1,11287e-005
93696	4,71308e-006	8,41281e-006	6,89484e-006	-1,30598e-005
94208	-3,74092e-006	-3,77364e-006	-4,3087e-006	-1,08817e-005
94720	-1,34392e-006	2,75325e-006	7,21055e-007	-1,10733e-005
95232	-1,74175e-006	3,75093e-007	1,12063e-006	-7,46676e-006
95744	-4,95324e-007	1,63992e-006	4,45696e-006	-5,97194e-006
96256	6,48993e-007	4,03393e-006	1,51025e-006	2,21734e-006
96768	4,53082e-006	3,52156e-006	6,64379e-006	-4,44062e-006
97280	-4,53874e-006	-2,59014e-006	-2,71044e-006	-7,79778e-006
97792	2,18134e-006	3,60608e-006	1,21324e-006	-5,75598e-006
98304	2,10914e-006	2,89331e-006	3,76767e-006	-3,43674e-006
98816	4,88758e-006	3,44757e-006	8,5152e-006	-4,79748e-006
99328	3,0118e-006	8,65097e-006	2,08693e-006	-1,29473e-005
99840	4,9277e-006	3,23661e-006	7,43759e-007	-7,27039e-006
100352	1,35821e-006	3,60236e-006	2,98198e-006	-8,3258e-006
100864	7,93997e-007	2,05598e-006	3,93565e-006	-7,93128e-006
101376	2,42701e-006	6,44061e-007	-7,89536e-007	-6,80848e-006
101888	6,11022e-007	-6,40076e-007	5,54039e-007	-1,09631e-005
102400	-1,6778e-006	-1,65038e-006	-8,74698e-008	-1,3485e-005
102912	-2,10158e-006	-3,30999e-006	-4,60653e-006	-1,45681e-005
103424	4,52685e-006	2,35018e-006	3,06462e-006	-4,72691e-006
103936	-2,4239e-006	-2,00175e-007	7,96588e-007	-9,97805e-006
104448	-5,51489e-008	1,4758e-006	8,51777e-007	-9,81424e-006
104960	4,88409e-006	3,80975e-006	2,2862e-006	-8,49722e-006
105472	-5,39429e-006	-3,53953e-006	-5,02994e-006	-1,25853e-005
105984	4,21264e-007	-6,98411e-007	5,86328e-007	-7,24002e-006
106496	4,14546e-006	1,92039e-006	2,89333e-006	-1,10451e-005
107008	5,06554e-006	7,58662e-006	3,34927e-006	-7,83673e-006
107520	-1,95588e-006	-7,35784e-006	-7,22032e-006	-9,6446e-006
108032	-8,29098e-008	2,27585e-006	-2,75212e-007	-8,5301e-006
108544	2,0454e-006	1,28227e-006	4,50352e-006	-1,20933e-005
109056	3,74908e-006	2,60784e-006	6,71042e-006	-8,28868e-006
109568	1,67694e-006	-2,38029e-006	3,43507e-006	-1,00863e-005
110080	-9,15902e-007	1,39918e-006	7,53167e-007	-4,65679e-006
110592	-6,42475e-007	-1,09779e-006	-2,65123e-006	-1,39049e-005
111104	3,14703e-006	3,75942e-006	4,13298e-006	-8,61356e-006
111616	5,58247e-007	3,98162e-007	1,05949e-007	-1,18388e-005
112128	-1,37424e-006	-1,66471e-006	1,82311e-006	-1,03852e-005
112640	3,52473e-006	6,30726e-007	1,18342e-006	-8,52346e-006
113152	2,12102e-006	4,19862e-007	2,69725e-006	-5,13187e-006
113664	1,32835e-006	2,00656e-006	3,63602e-007	-1,03763e-005
114176	1,81694e-006	1,47996e-006	2,70012e-006	-1,21185e-005
114688	-2,4549e-006	-4,26326e-006	-2,29917e-006	-9,53362e-006
115200	3,03302e-006	1,92715e-006	8,20822e-007	-5,06798e-006
115712	7,42816e-007	-1,3568e-006	1,35627e-006	-1,00373e-005
116224	-5,61518e-007	-5,36179e-007	-1,53082e-007	-1,15501e-005
116736	-5,82256e-007	8,3721e-007	1,19392e-006	-8,80659e-006
117248	2,42642e-006	8,59062e-007	-2,53125e-007	-8,66883e-006
117760	-2,03796e-006	-2,52283e-007	-2,91881e-006	-8,9337e-006
118272	-1,10114e-006	-2,88044e-006	4,15955e-006	-1,23502e-005
118784	-4,49411e-007	1,39583e-006	5,47875e-007	-7,7084e-006
119296	6,23399e-006	8,66819e-006	5,63731e-006	-3,62699e-006
119808	2,34993e-006	2,89388e-006	3,88277e-006	-7,24566e-006
120320	-1,37966e-006	1,40363e-006	1,03395e-006	-6,60058e-006
120832	1,12832e-006	1,66817e-006	-1,10344e-006	-9,44064e-006
121344	2,22235e-006	2,4414e-007	3,22286e-006	-6,10432e-006
121856	1,04559e-006	3,25659e-006	-1,77643e-006	-5,0823e-006
122368	-8,95192e-007	1,18754e-006	-6,049e-007	-8,42614e-006
122880	2,91783e-006	-2,50755e-006	-3,27981e-006	-1,0851e-005
123392	-2,13705e-006	1,68179e-007	1,68142e-006	-7,75571e-006
123904	-8,85695e-007	-1,86609e-006	-3,94542e-006	-1,13821e-005
124416	1,45271e-006	4,43073e-006	1,42904e-006	-7,28746e-006
124928	5,81133e-006	5,88168e-006	1,35246e-006	-3,93684e-006
125440	4,00811e-007	-1,13419e-006	2,55047e-006	-1,0629e-005
125952	1,22226e-006	3,41006e-006	2,16297e-006	-8,37615e-006
126464	1,99084e-006	1,42834e-006	-1,42979e-006	-6,32666e-006
126976	1,77396e-006	2,1936e-006	2,45088e-006	-8,21342e-006
127488	1,13919e-006	1,37151e-006	-6,83419e-008	-1,17826e-005
128000	-3,28743e-006	3,93391e-007	1,68967e-006	-8,77297e-006
128512	-2,0731e-007	3,04423e-006	1,49985e-006	-8,69183e-006
129024	5,99405e-006	1,19339e-006	1,60601e-007	-5,37412e-006
129536	6,12927e-006	2,51659e-006	3,68194e-006	-4,80347e-006
130048	-5,99179e-006	-2,848e-006	-2,46045e-006	-7,67715e-006
130560	-2,26942e-006	6,37302e-007	-2,04058e-006	-1,37518e-005
131072	6,84953e-006	5,62938e-006	2,12563e-006	-7,43696e-006
131072	2,73436e-006	2,55322e-006	4,31726e-006	-7,32439e-006
262144	1,98919e-006	1,94367e-006	1,5035e-006	-3,60585e-006
393216	-1,42803e-007	2,03478e-006	6,85919e-007	-1,74056e-006
524288	-1,51491e-006	-4,80912e-007	-1,0964e-006	-2,72959e-006
655360	4,24962e-007	3,43286e-007	4,98258e-008	-2,51364e-006
786432	1,24735e-006	1,46575e-006	5,87897e-007	7,45058e-009
917504	-1,23706e-006	3,81244e-007	1,17526e-006	-1,15963e-006
1048576	-8,75443e-008	-5,5111e-007	-6,77537e-008	-1,78861e-006
1179648	-1,784e-007	4,06781e-007	-3,74392e-007	-5,25162e-007
1310720	-1,24145e-007	3,19444e-008	1,15484e-008	-2,23517e-008
1441792	7,00947e-007	1,03191e-006	2,83884e-007	2,468e-007
1572864	-1,28134e-007	1,07102e-007	2,23983e-007	-3,33724e-007
1703936	-7,64401e-008	7,27005e-007	-5,40669e-007	-2,07757e-008
1835008	2,68088e-007	1,0655e-006	9,15357e-007	-1,0983e-007
1966080	7,83304e-007	8,45455e-007	1,98608e-006	5,51591e-007
2097152	1,81946e-006	1,13284e-006	1,41258e-006	2,40316e-006
2228224	3,00653e-007	-1,20853e-007	2,54087e-007	-9,93119e-007
2359296	2,71429e-007	-2,34797e-007	-3,83084e-007	-1,18682e-006
2490368	3,54491e-007	3,99782e-007	4,43898e-007	2,59241e-006
2621440	9,37097e-007	2,84892e-007	2,41864e-007	4,5551e-007
2752512	1,06302e-005	1,09542e-005	1,13139e-005	7,38672e-006
2883584	4,49067e-007	5,88681e-007	7,49207e-007	1,14087e-006
3014656	-3,01668e-007	2,48866e-007	2,02785e-007	-8,50014e-007
3145728	4,58754e-007	-3,8518e-007	-8,13588e-007	-4,40671e-007
3276800	-1,06841e-007	-8,94815e-008	2,77236e-007	-1,5785e-005
3407872	6,29431e-007	2,54466e-007	1,27799e-006	7,49571e-007
3538944	8,791e-007	6,62136e-007	6,79038e-007	6,20054e-007
3670016	1,62687e-005	1,65573e-005	1,64538e-005	1,62116e-005
3801088	1,52401e-005	1,62847e-005	-2,42786e-008	1,56235e-005
3932160	-1,8465e-007	1,08344e-007	-1,92908e-007	-9,94032e-008
4063232	3,29628e-007	-5,30914e-007	4,46194e-007	2,91174e-007
4194304	1,67339e-005	1,70947e-005	1,73068e-005	1,7533e-005
4325376	1,71131e-005	4,80337e-007	1,66925e-005	1,70548e-005
4456448	-2,19354e-007	-1,63935e-005	3,44808e-007	-1,61125e-005
4587520	-1,62494e-005	-1,07182e-007	1,82007e-008	-2,76842e-007
4718592	9,77164e-007	1,84712e-007	1,84505e-007	4,39584e-007
4849664	1,12363e-007	7,5714e-008	-4,34449e-007	-6,97737e-008
4980736	1,72291e-005	1,71168e-005	1,66288e-005	1,70638e-005
5111808	-2,14347e-007	-2,1855e-007	-1,58731e-005	-2,12819e-007
5242880	-5,34765e-007	6,8713e-007	-1,4212e-007	-6,20726e-007
5373952	-1,53889e-005	-1,53591e-005	-1,54674e-005	7,92942e-007
5505024	-1,36328e-007	-2,22985e-007	1,31982e-007	1,73246e-005
5636096	5,8669e-007	1,649e-005	5,33063e-007	3,92802e-007
5767168	1,51636e-007	1,70601e-007	1,77205e-007	3,60252e-007
5898240	3,98109e-007	9,49949e-007	1,68687e-005	2,3072e-007
6029312	-3,86377e-007	-3,42646e-007	7,22382e-008	-3,42565e-008
6160384	1,63081e-005	1,16673e-007	1,65377e-005	1,69628e-005
6291456	-4,88168e-008	1,68576e-005	4,15913e-007	1,49477e-006
6422528	1,58902e-005	4,89305e-007	1,72133e-005	1,09516e-006
6553600	8,02353e-007	1,01484e-006	1,24522e-006	1,87837e-006
6684672	-1,0051e-007	-4,92323e-008	3,96561e-007	7,09558e-007
6815744	-1,70203e-006	1,55213e-005	-2,09376e-006	1,5103e-005
6946816	5,02985e-007	1,68427e-005	1,66534e-005	1,03767e-006
7077888	-1,4895e-005	-3,56179e-007	-9,88168e-007	-1,60037e-005
7208960	-1,66365e-006	-1,86251e-006	1,92732e-005	1,42918e-005
7340032	1,66169e-005	1,02825e-006	6,40683e-007	1,77122e-005
7471104	6,00817e-007	6,45652e-007	3,43518e-006	3,89953e-006
7602176	5,97331e-009	4,24876e-007	-2,21719e-007	1,74345e-005
7733248	-1,49406e-005	4,85045e-007	-1,57633e-005	-1,49278e-005
7864320	-0,00010838	-1,6007e-005	-1,55937e-005	-1,54538e-005
7995392	-1,59423e-005	-1,22918e-005	-1,60255e-005	1,35185e-006
8126464	7,15796e-007	1,67279e-005	-9,85634e-005	-8,9296e-005
8257536	3,05149e-007	0,000890831	0,000890272	0,000874247
8388608	5,2416e-006	4,905e-005	-0,00014811	4,90553e-005
8519680	3,84645e-006	-8,70858e-007	-3,99248e-006	-4,94564e-006
8650752	3,66151e-007	1,77596e-005	-9,03919e-007	9,82332e-006
8781824	5,61884e-006	-9,21064e-007	-9,54119e-007	-3,67052e-007
8912896	-8,2157e-006	-1,09936e-005	-1,1322e-005	-1,25247e-005
9043968	-1,04538e-006	-6,74587e-006	-6,79732e-006	-6,88189e-006
9175040	-1,23049e-005	-9,94581e-006	-1,1544e-005	-7,32029e-006
9306112	3,90368e-007	-1,36712e-006	4,4874e-008	1,43105e-005
9437184	-4,05477e-006	-1,31416e-005	-1,3262e-006	-1,38094e-005
9568256	1,0028e-005	3,30045e-007	1,21952e-007	7,67452e-006
9699328	-4,529e-006	-1,31554e-005	-1,33989e-005	-3,69806e-006
9830400	-1,60132e-005	-1,6887e-005	-5,35878e-006	-1,7469e-005
9961472	1,37928e-005	-9,01851e-007	-6,82905e-007	4,42599e-007
10092544	-9,49143e-006	2,29739e-006	-1,01117e-005	-1,12494e-006
10223616	-6,2417e-006	-1,31467e-005	-1,29937e-005	-3,00406e-006
10354688	-5,2233e-006	-7,06461e-006	-1,08512e-005	-8,32791e-006
10485760	-5,20034e-006	9,79928e-006	-7,18881e-006	2,12456e-006
10616832	-2,39456e-006	1,80385e-005	-1,77469e-006	9,3262e-006
10747904	-5,78669e-007	-2,3967e-006	1,83615e-005	7,9868e-006
10878976	1,45251e-005	-5,21563e-007	-4,3675e-006	1,73989e-007
11010048	-1,01926e-005	-8,31904e-006	-1,16205e-005	-3,0909e-006
11141120	-1,49442e-005	-6,47736e-006	-8,87978e-006	-1,12459e-005
11272192	-1,00075e-005	-1,41175e-005	-5,2816e-006	-9,43859e-006
11403264	1,24345e-005	3,84964e-006	8,72414e-006	1,13514e-007
11534336	-9,87248e-006	-1,2883e-005	-4,49681e-007	-2,03456e-006
11665408	-1,20051e-005	-1,50419e-005	3,21658e-006	-1,2409e-005
11796480	1,542e-005	3,8932e-006	2,30691e-005	3,59331e-006
11927552	1,00399e-005	1,70683e-005	5,07481e-006	4,06875e-006
12058624	1,80142e-005	1,86136e-005	4,68496e-006	1,24647e-005
12189696	3,38026e-006	-4,38342e-007	1,10963e-005	9,73442e-006
12320768	1,58938e-005	3,12655e-006	1,55558e-005	7,44047e-006
12451840	-1,26533e-005	-1,48411e-005	-1,28793e-005	-1,32446e-005
12582912	-6,52378e-006	-2,85982e-006	-6,87838e-006	-7,81067e-006
12713984	-7,03801e-006	8,44387e-006	2,89678e-006	1,32734e-006
12845056	-9,66276e-007	-1,21332e-006	3,2789e-006	-1,44167e-006
12976128	3,89402e-006	2,51828e-006	-7,47165e-007	5,06184e-006
13107200	2,36642e-006	1,8166e-006	8,74249e-006	4,75347e-008
13238272	6,35807e-007	3,21813e-007	7,75399e-006	-5,55474e-008
13369344	-6,6072e-006	3,71585e-006	4,86382e-006	-7,33837e-006
13500416	-4,19676e-006	2,24199e-006	-4,00563e-006	-6,99241e-006
13631488	5,45417e-006	-6,59278e-006	4,503e-006	-8,70077e-006
13762560	4,106e-006	-7,39488e-007	-3,65254e-006	-4,55922e-006
13893632	-5,42979e-009	-9,12881e-006	-4,23513e-006	-4,40756e-006
14024704	-8,8922e-006	-1,23928e-005	-8,31556e-006	-1,33738e-005
14155776	7,57717e-007	1,26911e-005	9,09995e-006	8,12281e-006
14286848	5,54424e-006	4,34116e-007	8,24034e-006	7,54528e-006
14417920	9,78305e-006	8,31691e-006	1,13905e-005	1,08496e-005
14548992	5,6658e-006	-3,76053e-006	-3,03615e-006	-1,2348e-006
14680064	4,13213e-006	4,49664e-006	-5,43445e-006	3,06668e-006
14811136	-2,51986e-006	-5,79667e-006	-9,08003e-006	-1,02922e-005
14942208	-5,33452e-007	6,73395e-007	5,02094e-006	-2,8553e-006
15073280	4,5569e-006	1,05677e-006	5,39605e-006	-5,30227e-006
15204352	-1,18866e-006	-4,73398e-006	3,51003e-006	-5,92379e-006
15335424	-3,51203e-006	-3,98194e-006	2,89516e-006	9,48862e-006
15466496	9,25651e-006	-2,78814e-006	-7,42311e-007	1,40726e-005
15597568	7,73616e-006	-1,106e-007	-3,58332e-007	-8,34825e-007
15728640	2,10873e-006	1,07541e-006	3,74458e-006	-2,98903e-006
15859712	3,95546e-006	6,57052e-007	-4,23081e-006	-5,93254e-006
15990784	1,10995e-007	-7,32462e-007	-7,05317e-007	-7,96482e-006
16121856	-1,14478e-006	-5,91397e-007	-4,68466e-006	-5,17685e-006
16252928	-1,17392e-007	-7,27754e-007	-3,73777e-006	1,17405e-005
16384000	-1,14186e-006	-5,57736e-007	-3,94239e-006	1,80955e-006
16515072	-1,12816e-006	-1,33371e-006	-5,19675e-006	3,06863e-007
16646144	-2,41201e-006	-2,71552e-006	-6,5097e-006	-6,10291e-006
16777216	1,37252e-006	1,73145e-006	1,2263e-006	5,70607e-006

