512	0,177767	0,406656	-0,242975	0,454756	0,0147858	0,399411	-1,00444	0,338209
1024	0,479862	0,16306	0,20734	0,148863	0,373257	0,164377	-0,971884	0,179951
1536	0,228277	0,149963	-0,0147381	0,144201	-0,0354557	0,147415	-0,545195	0,242468
2048	-0,0887737	0,153309	0,0148411	0,171958	-0,079916	0,149721	-1,42228	0,159563
2560	-0,133259	0,151713	-0,0384598	0,163073	0,014822	0,160655	-1,41046	0,153067
3072	0,151197	0,167912	0,171873	0,15686	0,246101	0,156666	-1,33014	0,153874
3584	0,337805	0,161822	0,370462	0,176058	0,296358	0,165849	-1,31856	0,14552
4096	0,0651855	0,152497	0,0386009	0,148593	0,257765	0,157645	-1,29174	0,179505
4608	-0,0384197	0,15385	0,0474586	0,170926	-0,091917	0,146414	-1,71556	0,144312
5120	0,198589	0,152836	0,157127	0,156427	0,263664	0,164008	-1,00735	0,155412
5632	0,115519	0,149514	0,231121	0,153363	0,103722	0,139363	-1,01036	0,15001
6144	0,225101	0,157901	0,121401	0,15732	0,236982	0,161987	-1,33342	0,144504
6656	0,346741	0,150194	0,231142	0,156031	0,242998	0,1466	-1,01336	0,160366
7168	0,222273	0,145815	0,468237	0,170573	0,278582	0,151493	-1,02512	0,156816
7680	0,00582695	0,151433	0,103642	0,152485	0,130386	0,168258	-1,38972	0,161649
8192	0,237007	0,147901	0,237125	0,156915	0,0711308	0,156293	-1,04892	0,161467
8704	0,0384674	0,15293	0,222281	0,184456	-0,0414715	0,143988	-1,27116	0,166662
9216	-0,186556	0,158214	-0,0413513	0,151149	0,0919628	0,158161	-1,0755	0,166863
9728	0,456356	0,154558	0,189657	0,145416	0,397118	0,147173	-1,06956	0,156399
10240	0,121401	0,172414	0,12438	0,156605	0,0860348	0,159236	-1,7127	0,151884
10752	-0,127403	0,14405	-0,308138	0,143423	0,400038	0,171238	-1,62666	0,150578
11264	0,272547	0,157764	0,0623169	0,15709	0,189764	0,162306	-1,15856	0,176274
11776	0,19846	0,156421	0,186552	0,168465	0,133335	0,156851	-1,39251	0,166279
12288	0,242983	0,158711	0,0651875	0,157	0,180805	0,156804	-1,19397	0,16434
12800	0,195665	0,148998	0,130447	0,148111	0,195583	0,151666	-1,10202	0,160226
13312	0,370321	0,166348	0,328785	0,16222	0,462156	0,14771	-0,957075	0,170168
13824	0,281374	0,15708	0,263638	0,149813	0,145256	0,155993	-1,53486	0,167424
14336	-0,154186	0,145313	0,109547	0,16682	-0,0385456	0,152035	-1,46675	0,163908
14848	-0,086113	0,155218	-0,192638	0,15895	0,0886688	0,160349	-1,48753	0,163151
15360	-0,192602	0,144428	0,0237198	0,156375	-0,127522	0,149553	-1,41041	0,166765
15872	0,0978584	0,161103	-0,00878906	0,14885	0,204514	0,158083	-1,1259	0,154883
16384	-0,225143	0,141326	-0,183739	0,153901	-0,0236855	0,151985	-1,32742	0,164936
16896	0,0355186	0,153131	0,32592	0,165313	0,127438	0,14865	-1,84882	0,141963
17408	0,201553	0,155978	0,180782	0,155064	0,118565	0,144855	-1,48438	0,152
17920	0,397064	0,142971	0,121498	0,156218	0,479839	0,157291	-1,58818	0,144212
18432	0,145164	0,159383	-0,0088768	0,143102	0,100708	0,146396	-1,29177	0,159486
18944	0,385223	0,176763	0,133385	0,152574	0,0682678	0,173519	-1,40735	0,160352
19456	0,151039	0,162214	-0,0326424	0,172032	0,0919342	0,173585	-1,5555	0,147342
19968	-0,100803	0,1741	-0,0413818	0,159815	0,0385933	0,16924	-1,86664	0,137489
20480	0,139202	0,169429	0,257858	0,159006	-0,0148048	0,158894	-1,39263	0,176802
20992	0,154037	0,150187	0,41478	0,199094	0,151073	0,152946	-0,971947	0,167738
21504	0,0414009	0,157964	-0,0503769	0,176297	0,0443802	0,160059	-1,38375	0,173279
22016	-0,0266953	0,162234	0,0414543	0,150664	0,0473633	0,170696	-1,38372	0,149998
22528	0,0889168	0,180488	0,0148239	0,16892	-0,0741348	0,157031	-1,34816	0,158565
23040	0,251816	0,176561	0,349693	0,160377	0,204494	0,159039	-1,03405	0,171679
23552	0,296276	0,170997	-0,0444489	0,172654	-0,0117683	0,172007	-1,08145	0,173867
24064	0,225266	0,162985	0,0267067	0,159828	0,127441	0,158828	-0,918499	0,163699
24576	-0,367435	0,177241	-0,168938	0,166152	-0,290295	0,170324	-1,23858	0,159445
25088	-0,0414848	0,165276	0,287479	0,186021	0,0651169	0,164656	-0,942234	0,175057
25600	0,201515	0,160412	0,0948143	0,183943	0,109734	0,194457	-1,16141	0,158148
26112	0,314163	0,175389	0,417843	0,187741	0,0563774	0,156392	-1,22966	0,172991
26624	0,352638	0,176086	0,687462	0,167441	0,299248	0,185155	-1,06966	0,168377
27136	0,0799408	0,157476	0,0917854	0,176433	0,0414391	0,155673	-1,32442	0,167094
27648	0,432777	0,163515	0,316959	0,173574	0,0119438	0,16979	-0,986725	0,169166
28160	-0,0327377	0,154628	-4,19617e-005	0,158773	0,162937	0,166884	-1,06383	0,165266
28672	0,263657	0,196411	-0,014782	0,163276	0,0919189	0,153317	-1,27393	0,178749
29184	0,106766	0,167235	0,0475044	0,153787	0,0828857	0,163484	-1,30968	0,158514
29696	0,0769348	0,150588	0,162903	0,15136	0,094841	0,163962	-1,33024	0,16425
30208	0,0650558	0,168158	-0,0179176	0,157724	0,150978	0,154115	-1,45494	0,162482
30720	-0,103661	0,161847	0,145306	0,156654	-0,106564	0,158879	-1,34201	0,167226
31232	0,169003	0,184061	0,251881	0,165336	0,435738	0,174058	-0,977757	0,173285
31744	-0,0206451	0,142295	0,157055	0,175203	-0,0148392	0,168091	-1,1437	0,182847
32256	0,189743	0,161361	0,243073	0,153044	0,0742188	0,170478	-1,10205	0,155723
32768	-0,0918427	0,165192	0,109619	0,182428	-0,171883	0,176171	-1,24154	0,18453
33280	0,183788	0,191472	0,0593681	0,143507	0,0919533	0,187942	-1,14959	0,187115
33792	3,43323e-005	0,167907	0,0917816	0,160719	-0,0385857	0,155396	-1,35114	0,17336
34304	0,272682	0,154424	0,00302124	0,165995	0,0534134	0,165661	-1,08432	0,170937
34816	-0,02668	0,162987	0,145275	0,167016	0,0683403	0,178386	-1,13773	0,199086
35328	0,391212	0,171951	0,0149345	0,154643	0,204399	0,166619	-1,00735	0,173292
35840	0,186699	0,161867	0,148254	0,171322	0,263752	0,161197	-1,19398	0,184442
36352	0,038456	0,170473	0,127369	0,159063	0,275333	0,170844	-1,25624	0,162934
36864	0,334801	0,158517	0,308178	0,191159	0,559975	0,158271	-0,868233	0,167654
37376	-0,0208282	0,165106	-0,204544	0,167982	-0,071167	0,174496	-0,963001	0,203692
37888	0,154022	0,169031	0,358418	0,156868	0,236958	0,153671	-1,33626	0,173376
38400	0,296352	0,176159	-0,115501	0,152785	0,287312	0,184811	-1,17024	0,168465
38912	0,240089	0,157793	0,25182	0,167233	0,0799294	0,164582	-0,962994	0,179893
39424	0,068119	0,15736	0,0533104	0,171741	0,0889168	0,180316	-0,894825	0,200386
39936	0,0357018	0,173688	0,237118	0,165954	0,269745	0,181287	-1,08144	0,188807
40448	0,127441	0,172321	0,0533295	0,161409	0,0799217	0,181006	-0,88007	0,176772
40960	0,0326309	0,146347	0,174877	0,161128	0,213318	0,163127	-1,0696	0,155709
41472	0,011795	0,170748	0,103626	0,167473	-0,160156	0,176527	-1,17941	0,167583
41984	-0,0741272	0,165395	0,266571	0,180272	-0,032692	0,173404	-1,22378	0,164241
42496	0,361526	0,150797	0,0592804	0,171411	0,343826	0,196334	-1,22951	0,166654
43008	0,320076	0,175074	0,145214	0,154339	0,103741	0,17523	-0,971897	0,183734
43520	0,571785	0,189102	0,352646	0,174582	0,240005	0,170591	-1,1258	0,167731
44032	0,153996	0,140532	0,275539	0,159577	0,432697	0,160009	-1,06369	0,172806
44544	0,201508	0,172563	0,035614	0,167571	0,136372	0,197524	-1,06061	0,194886
45056	-0,0325241	0,169591	0,142254	0,177639	0,165897	0,172899	-0,8652	0,194532
45568	0,313915	0,179515	0,0916557	0,15762	0,100449	0,180264	-1,12907	0,170459
46080	-0,01791	0,159997	0,0413322	0,164047	-0,124546	0,16768	-1,17637	0,165755
46592	0,00576019	0,165573	0,278362	0,157397	0,139183	0,17075	-1,12009	0,159537
47104	0,201477	0,17748	0,0829468	0,156995	0,0503883	0,181225	-1,0044	0,199961
47616	0,456196	0,180356	0,195465	0,167561	0,474094	0,185581	-0,85331	0,179163
48128	0,115467	0,191151	0,322887	0,182791	0,284523	0,167319	-1,03403	0,201044
48640	-0,139198	0,187008	0,139332	0,180714	0,426647	0,207252	-1,20575	0,155234
49152	0,376255	0,161601	0,242889	0,168349	0,0770111	0,190347	-0,847496	0,175674
49664	0,014782	0,16273	0,210468	0,184841	0,408989	0,187848	-1,10216	0,17458
50176	-0,18663	0,161012	-0,213303	0,152775	-0,115559	0,181546	-1,55275	0,175978
50688	0,0177841	0,161775	0,257854	0,17512	0,447392	0,185269	-0,814823	0,156061
51200	0,154137	0,169187	0,272709	0,208843	0,115582	0,176612	-1,08434	0,19359
51712	0,0679588	0,1704	0,0206757	0,172757	-0,0385475	0,163542	-1,44302	0,149972
52224	0,219387	0,178217	0,0977974	0,181016	-0,0235748	0,179097	-1,17618	0,216604
52736	-0,0593071	0,174299	0,14513	0,170147	0,0799751	0,16316	-1,36596	0,195117
53248	0,1157	0,178077	0,077198	0,19376	0,0415573	0,175367	-1,36288	0,186344
53760	-0,121433	0,181562	-0,219299	0,178401	-0,45636	0,168735	-1,87841	0,159596
54272	0,305164	0,160452	0,388206	0,180546	0,40596	0,172659	-1,01624	0,167517
54784	-0,0651779	0,18226	-0,207336	0,173041	0,0355835	0,171592	-1,43117	0,156462
55296	0,222279	0,177351	0,260872	0,189355	0,103821	0,170697	-1,43106	0,161401
55808	0,213188	0,156175	0,305038	0,182539	0,459164	0,185399	-1,06968	0,16371
56320	-0,0772018	0,17199	-0,0474892	0,183027	-0,0918312	0,139296	-0,945324	0,193292
56832	0,251831	0,185166	0,31105	0,170763	0,115513	0,174479	-1,23261	0,168254
57344	-0,112537	0,16272	0,0326347	0,187994	-0,023716	0,177054	-1,16743	0,188122
57856	0,0770226	0,181849	0,239998	0,167811	0,400101	0,204235	-1,06076	0,196534
58368	0,109524	0,17394	0,0534134	0,182493	0,0651855	0,196496	-1,08153	0,166082
58880	0,263763	0,184706	0,18959	0,159158	0,281494	0,19855	-0,853256	0,21272
59392	0,444523	0,196068	0,299259	0,167246	0,186562	0,180581	-1,11419	0,191171
59904	0,0858154	0,192606	-0,112652	0,189081	0,180683	0,166106	-1,08755	0,171535
60416	0,139198	0,180957	0,0146942	0,190435	0,13023	0,171904	-1,1111	0,17123
60928	0,260803	0,165388	0,219242	0,183264	0,112629	0,18932	-0,788128	0,186552
61440	-0,180664	0,152059	-0,296268	0,178577	-0,0889282	0,172804	-1,1911	0,197277
61952	0,275658	0,168166	0,177895	0,165131	0,19281	0,186222	-1,42508	0,177931
62464	-0,290222	0,181935	0,0622711	0,205809	-0,103706	0,170166	-0,94516	0,187711
62976	0,236877	0,164872	0,177704	0,170724	0,293304	0,162414	-0,948311	0,174909
63488	-0,139099	0,167705	0,0206909	0,193585	0,201561	0,199395	-1,01626	0,172857
64000	0,183807	0,156506	0,12748	0,161714	0,160065	0,16153	-1,3036	0,177658
64512	2,28882e-005	0,183183	-0,296143	0,189677	-0,154045	0,18793	-1,34211	0,194685
65024	0,405884	0,185049	0,314125	0,198848	0,376213	0,2028	-1,25636	0,171151
65536	-0,127464	0,199287	-0,0503998	0,215624	0,168854	0,180679	-1,39858	0,218604
66048	0,180771	0,203274	0,340691	0,213882	0,133347	0,192335	-1,31856	0,170243
66560	-0,103737	0,199051	-0,0770035	0,175978	0,142349	0,163603	-1,22958	0,165148
67072	0,0917435	0,165866	0,0296478	0,180238	0,00296021	0,159445	-1,35113	0,16718
67584	-0,094841	0,204736	-0,118568	0,173619	-0,0534363	0,191877	-1,10532	0,208154
68096	0,254837	0,178372	0,296196	0,200036	0,263695	0,209887	-1,06672	0,199535
68608	0,192528	0,18959	0,266701	0,203836	0,222206	0,167194	-1,00455	0,215812
69120	0,254944	0,174978	-0,056076	0,174292	0,24897	0,177278	-1,25903	0,147601
69632	0,0859299	0,168848	0,0622177	0,173028	0,198586	0,142687	-1,02518	0,193739
70144	0,127518	0,21205	0,124542	0,157964	0,272629	0,169768	-0,788162	0,197852
70656	0,503716	0,208055	0,163002	0,187067	0,201637	0,195019	-1,15543	0,191524
71168	0,317039	0,218045	-0,0473862	0,176897	-0,0888824	0,17729	-1,12595	0,181729
71680	0,0502548	0,185823	0,343681	0,197375	0,0828476	0,174443	-0,794083	0,175518
72192	0,346519	0,192761	0,198463	0,16256	0,305176	0,19957	-0,951141	0,197394
72704	-0,0651398	0,188134	-0,12439	0,197576	0,243103	0,179182	-1,22062	0,176361
73216	-0,0236588	0,162925	0,308235	0,165294	0,0919037	0,176711	-0,88295	0,21219
73728	0,509628	0,249495	0,317047	0,185487	0,35862	0,179965	-0,856224	0,184224
74240	0,462234	0,184849	0,284538	0,182636	0,417854	0,199991	-0,47702	0,197662
74752	0,450439	0,165218	0,231094	0,247274	0,284424	0,224789	-1,05181	0,204619
75264	-0,151276	0,163188	-0,0446243	0,1779	0,177666	0,195393	-1,36902	0,18778
75776	0,0709991	0,196048	-0,0475006	0,136626	-0,382172	0,194682	-1,37193	0,182483
76288	0,142227	0,174387	0,447365	0,197595	0,201546	0,275814	-1,09321	0,186758
76800	0,0770721	0,243923	-0,177673	0,202109	0,26976	0,23039	-1,21767	0,1908
77312	0,485909	0,233262	0,0859222	0,189132	0,201447	0,245816	-1,01933	0,240313
77824	0,468002	0,32804	0,195587	0,283109	0,16584	0,303492	-1,30075	0,199057
78336	-0,059166	0,190436	0,15416	0,224857	0,0237427	0,210838	-1,38658	0,196969
78848	0,109604	0,237626	0,545166	0,229543	0,373451	0,223578	-0,800034	0,200609
79360	-0,159988	0,18584	-0,032547	0,208379	0,10965	0,192735	-1,19115	0,200986
79872	-0,251816	0,187228	0,0948257	0,21495	0,266769	0,191649	-1,1496	0,203541
80384	-0,160118	0,198235	-0,0208588	0,262237	-0,133331	0,218668	-1,20013	0,168155
80896	0,0918655	0,203563	0,136398	0,228821	0,222298	0,219842	-1,40448	0,212613
81408	0,0266571	0,171219	-0,139229	0,196543	0,19558	0,185658	-1,20586	0,256823
81920	0,068161	0,180886	-0,157051	0,165877	0,0888824	0,189405	-1,06072	0,187647
82432	0,317085	0,269683	0,210526	0,198012	0,130371	0,230117	-0,740707	0,207647
82944	0,325882	0,204685	0,456276	0,210504	0,0561981	0,157529	-1,12305	0,172885
83456	0,174805	0,202407	0,773392	0,304987	0,625214	0,242361	-0,962936	0,209298
83968	0,201515	0,168538	0,198502	0,17762	0,343781	0,198872	-1,09335	0,194369
84480	0,237221	0,218191	-0,0562973	0,171168	0,082962	0,248278	-0,998512	0,167041
84992	0,130371	0,173866	0,17485	0,185534	-0,0117569	0,19231	-1,08144	0,167396
85504	-0,198555	0,188175	-0,136436	0,255497	-0,148216	0,184119	-1,60905	0,187808
86016	0,266548	0,168234	0,450256	0,200117	0,394043	0,188988	-0,921501	0,176956
86528	-0,156914	0,175394	0,0325775	0,1687	-0,124374	0,198635	-1,28593	0,20009
87040	0,145279	0,185851	0,213478	0,159587	0,0978317	0,154992	-0,986595	0,208778
87552	0,118469	0,235417	0,0445251	0,24096	-0,231178	0,19559	-1,17336	0,26758
88064	-0,0949478	0,177484	0,0503998	0,165504	-0,0503387	0,176072	-1,4045	0,160987
88576	0,127258	0,216117	0,314133	0,209344	0,213379	0,223473	-1,15855	0,181695
89088	0,3853	0,240869	0,403069	0,252871	0,417931	0,18612	-0,731697	0,23622
89600	0,038353	0,228439	-0,249069	0,189724	0,0621262	0,198341	-1,18821	0,166212
90112	-0,195602	0,175183	-0,284439	0,164212	0,284409	0,174155	-1,4015	0,192392
90624	0,394127	0,248993	0,308258	0,23708	0,527397	0,266945	-1,15254	0,189076
91136	0,388214	0,264102	0,106583	0,200101	0,305145	0,193922	-0,885841	0,194025
91648	0,320152	0,254476	0,219337	0,190647	-0,0236206	0,223649	-1,09912	0,18411
92160	0,432648	0,214536	-0,145149	0,19977	-0,165985	0,183279	-0,832626	0,159333
92672	0,293304	0,184873	0,0236664	0,256606	0,476997	0,275974	-0,474091	0,211224
93184	0,16301	0,220506	0,16291	0,217266	0,352631	0,235641	-1,03702	0,265708
93696	0,441597	0,270356	0,788246	0,322657	0,646019	0,343237	-1,22365	0,187457
94208	-0,352425	0,239993	-0,355507	0,185087	-0,405914	0,198918	-1,02515	0,287226
94720	-0,127296	0,250925	0,260788	0,248421	0,0682983	0,188867	-1,04886	0,237455
95232	-0,165871	0,193054	0,0357208	0,213714	0,10672	0,206624	-0,711075	0,213767
95744	-0,0474243	0,233231	0,157013	0,197539	0,426727	0,24715	-0,571777	0,249099
96256	0,0624695	0,194424	0,38829	0,231283	0,14537	0,213504	0,213432	0,334205
96768	0,438438	0,194844	0,340775	0,220356	0,642906	0,247148	-0,42971	0,217085
97280	-0,441528	0,230062	-0,251968	0,225302	-0,263672	0,199072	-0,758568	0,249692
97792	0,213318	0,305568	0,352646	0,245046	0,118645	0,188981	-0,562889	0,197939
98304	0,207336	0,196564	0,284424	0,229236	0,370377	0,255187	-0,337845	0,240322
98816	0,482971	0,220938	0,340675	0,299041	0,841438	0,357578	-0,474068	0,212799
99328	0,299156	0,270219	0,859283	0,386449	0,207291	0,292556	-1,28603	0,259788
99840	0,491982	0,24479	0,323143	0,163657	0,0742569	0,223413	-0,725876	0,211335
100352	0,136299	0,219376	0,361504	0,211885	0,299248	0,226477	-0,83551	0,194304
100864	0,0800858	0,241919	0,207375	0,286998	0,396965	0,286911	-0,79998	0,292
101376	0,24604	0,253358	0,0652924	0,284605	-0,08004	0,208767	-0,690216	0,21146
101888	0,0622559	0,173345	-0,0652161	0,17015	0,0564499	0,186661	-1,11701	0,207035
102400	-0,171806	0,181759	-0,168999	0,197574	-0,00895691	0,179136	-1,38086	0,177512
102912	-0,216278	0,216087	-0,340637	0,22483	-0,474068	0,221917	-1,49924	0,202766
103424	0,468185	0,308197	0,243065	0,232245	0,316956	0,282365	-0,488876	0,358085
103936	-0,25193	0,202034	-0,0208054	0,219486	0,0827942	0,234043	-1,03708	0,233303
104448	-0,00576019	0,17648	0,154144	0,232676	0,0889664	0,206538	-1,02508	0,175876
104960	0,512634	0,207009	0,399872	0,191439	0,23996	0,20034	-0,891869	0,209074
105472	-0,568947	0,20045	-0,373322	0,281962	-0,530518	0,261726	-1,32739	0,231538
105984	0,0446472	0,201685	-0,0740204	0,17681	0,0621414	0,208738	-0,767326	0,233108
106496	0,441475	0,207136	0,204514	0,229291	0,308128	0,204079	-1,17625	0,193119
107008	0,542053	0,253772	0,811829	0,193139	0,358398	0,215563	-0,838593	0,267973
107520	-0,210297	0,309457	-0,791115	0,187522	-0,776329	0,21831	-1,03699	0,37305
108032	-0,00895691	0,191102	0,245865	0,276342	-0,0297318	0,205221	-0,921524	0,202012
108544	0,222015	0,188551	0,139183	0,23666	0,488831	0,193679	-1,31265	0,179836
109056	0,408859	0,262081	0,284401	0,228704	0,731812	0,301933	-0,903931	0,206073
109568	0,183739	0,261053	-0,260803	0,239205	0,376373	0,312602	-1,10513	0,204714
110080	-0,100822	0,223526	0,154022	0,19918	0,0829086	0,254862	-0,512619	0,253811
110592	-0,0710526	0,264457	-0,121407	0,218654	-0,293205	0,205824	-1,53777	0,2303
111104	0,349648	0,177035	0,417686	0,236562	0,45919	0,229945	-0,957001	0,23924
111616	0,0623093	0,226872	0,0444412	0,294463	0,0118256	0,229705	-1,3214	0,209004
112128	-0,154091	0,274857	-0,186661	0,239177	0,204422	0,243804	-1,16447	0,212601
112640	0,397026	0,267095	0,0710449	0,206732	0,133301	0,258128	-0,960083	0,254988
113152	0,239998	0,202371	0,0475082	0,20137	0,305199	0,255333	-0,580681	0,26227
113664	0,150986	0,269362	0,228073	0,230953	0,0413284	0,270112	-1,17941	0,249676
114176	0,207451	0,224356	0,168976	0,283358	0,308289	0,235681	-1,38364	0,218777
114688	-0,281548	0,237242	-0,488945	0,274166	-0,263687	0,199495	-1,09339	0,235402
115200	0,349403	0,199104	0,222008	0,161388	0,0945587	0,172154	-0,583832	0,224358
115712	0,0859528	0,216794	-0,156998	0,246468	0,156937	0,301582	-1,16143	0,243598
116224	-0,0652618	0,202389	-0,0623169	0,17781	-0,0177917	0,209768	-1,3424	0,219532
116736	-0,0679703	0,229041	0,0977325	0,230685	0,139374	0,251969	-1,02805	0,202637
117248	0,284492	0,232446	0,100723	0,228144	-0,0296783	0,206251	-1,0164	0,214873
117760	-0,23999	0,208844	-0,0297089	0,213675	-0,343719	0,181307	-1,05203	0,264674
118272	-0,130234	0,203482	-0,340675	0,177433	0,491959	0,236142	-1,46069	0,212735
118784	-0,0533829	0,216291	0,165802	0,187779	0,0650787	0,189367	-0,915634	0,206594
119296	0,74369	0,183496	1,03408	0,298409	0,672508	0,180187	-0,432686	0,157574
119808	0,28154	0,240722	0,34671	0,210751	0,465187	0,203543	-0,868088	0,224483
120320	-0,166	0,194572	0,168884	0,205581	0,124405	0,247425	-0,794182	0,280531
120832	0,136337	0,236783	0,201569	0,230913	-0,133331	0,179434	-1,14073	0,192594
121344	0,269669	0,200607	0,0296249	0,204421	0,391075	0,194003	-0,740723	0,23893
121856	0,127411	0,238719	0,396835	0,246851	-0,216469	0,213681	-0,619308	0,260703
122368	-0,109543	0,193201	0,145317	0,199123	-0,0740204	0,192731	-1,03109	0,168138
122880	0,358543	0,287162	-0,308128	0,183939	-0,403023	0,194958	-1,33337	0,22952
123392	-0,263695	0,283491	0,020752	0,215888	0,207474	0,176716	-0,956993	0,226332
123904	-0,109741	0,21594	-0,231216	0,20583	-0,488853	0,179524	-1,41029	0,208977
124416	0,18074	0,236228	0,551254	0,313824	0,177795	0,205626	-0,906677	0,289916
124928	0,725998	0,212871	0,734787	0,224129	0,168961	0,175884	-0,491821	0,266788
125440	0,0502777	0,240724	-0,142273	0,217049	0,319931	0,266724	-1,3333	0,230386
125952	0,153946	0,243241	0,429504	0,252734	0,27243	0,228218	-1,05499	0,248084
126464	0,25177	0,24914	0,180634	0,325526	-0,180817	0,204943	-0,800095	0,26667
126976	0,22525	0,211224	0,278534	0,330478	0,311203	0,233348	-1,04291	0,222467
127488	0,145233	0,275109	0,17485	0,224704	-0,00871277	0,22635	-1,50214	0,248191
128000	-0,420792	0,185753	0,050354	0,234603	0,216278	0,27632	-1,12294	0,242909
128512	-0,0266418	0,202107	0,39122	0,354239	0,192749	0,276604	-1,117	0,220012
129024	0,773376	0,293832	0,153976	0,223188	0,0207214	0,278646	-0,69339	0,268676
129536	0,793961	0,270473	0,325989	0,270217	0,476944	0,245471	-0,622223	0,305208
130048	-0,779221	0,288223	-0,370377	0,231481	-0,319977	0,264387	-0,998398	0,32176
130560	-0,296295	0,218498	0,0832062	0,196134	-0,266418	0,256185	-1,79544	0,246676
131072	0,897781	0,235205	0,737854	0,284464	0,27861	0,206045	-0,974777	0,285542
131072	0,358398	0,223336	0,334656	0,238929	0,565872	0,271437	-0,960022	0,233845
262144	0,521454	0,296257	0,509521	0,335132	0,394135	0,262806	-0,945251	0,34901
393216	-0,0561523	0,323643	0,80011	0,466324	0,269714	0,427206	-0,684418	0,377722
524288	-0,79425	0,323236	-0,252136	0,450672	-0,574829	0,361906	-1,43109	0,522946
655360	0,278503	0,43796	0,224976	0,606132	0,0326538	0,51533	-1,64734	0,457365
786432	0,980957	0,49457	1,15271	0,530999	0,462341	0,554037	0,00585938	0,511376
917504	-1,13501	0,446567	0,349792	0,607224	1,07831	0,762103	-1,06396	0,566183
1048576	-0,0917969	0,662545	-0,577881	0,603771	-0,0710449	0,499671	-1,87549	0,457349
1179648	-0,210449	0,452249	0,479858	0,639145	-0,44165	0,558485	-0,619507	0,657388
1310720	-0,16272	0,794706	0,0418701	0,63411	0,0151367	0,759468	-0,0292969	0,81948
1441792	1,01062	0,778654	1,48779	0,632505	0,409302	0,515601	0,355835	0,646686
1572864	-0,201538	0,565365	0,168457	0,647437	0,352295	0,668448	-0,524902	0,59841
1703936	-0,130249	0,601637	1,23877	0,771426	-0,921265	0,58029	-0,0354004	0,713169
1835008	0,491943	0,831237	1,9552	0,899308	1,67969	0,950794	-0,201538	0,794531
1966080	1,54004	0,72984	1,66223	0,825667	3,90479	0,847159	1,08447	0,8326
2097152	3,81567	0,806047	2,37573	0,617445	2,9624	0,827713	5,03979	0,907233
2228224	0,669922	0,942037	-0,269287	1,02202	0,566162	0,987633	-2,21289	0,823148
2359296	0,640381	0,8852	-0,553955	0,729972	-0,903809	0,879359	-2,80005	0,858142
2490368	0,882813	0,896714	0,995605	0,83648	1,10547	0,971766	6,45605	4,26674
2621440	2,45654	0,770603	0,746826	0,773226	0,634033	0,868867	1,19409	0,968913
2752512	29,2598	0,819634	30,1516	0,946044	31,1416	0,91995	20,332	8,95202
2883584	1,29492	0,919148	1,69751	1,12247	2,1604	0,821513	3,28979	0,878773
3014656	-0,909424	0,889457	0,750244	0,88889	0,611328	0,948118	-2,5625	0,88785
3145728	1,44312	1,0531	-1,21167	0,93137	-2,55933	0,915457	-1,38623	0,98413
3276800	-0,350098	1,0464	-0,293213	1,03073	0,908447	1,10273	-51,7244	52,6071
3407872	2,14502	1,19512	0,867188	1,06937	4,35522	0,997695	2,55444	0,711624
3538944	3,11108	1,09384	2,34326	1,17217	2,40308	1,09196	2,19434	1,29618
3670016	59,7065	1,15958	60,7654	1,16463	60,3857	0,964384	59,4968	1,05418
3801088	57,929	1,05871	61,8997	1,10435	-0,0922852	61,1291	59,3862	1,10727
3932160	-0,726074	1,01057	0,426025	1,22374	-0,758545	1,15221	-0,390869	1,15584
4063232	1,33936	1,1784	-2,15723	0,986754	1,81299	1,16873	1,18311	0,988033
4194304	70,187	1,03757	71,7002	1,25495	72,5898	1,3277	73,5386	1,24587
4325376	74,0205	1,18169	2,07764	69,9363	72,2012	1,21564	73,7686	1,17586
4456448	-0,977539	1,28255	-73,0566	71,6664	1,53662	1,24003	-71,8047	71,6605
4587520	-74,5444	74,1467	-0,491699	1,07242	0,0834961	1,35184	-1,27002	1,25818
4718592	4,61084	1,48837	0,871582	1,05498	0,870605	1,38764	2,07422	1,10058
4849664	0,544922	0,97795	0,367188	1,33107	-2,10693	0,992139	-0,338379	1,21662
4980736	85,8135	1,178	85,2544	1,02638	82,8237	1,46908	84,9902	1,17342
5111808	-1,0957	1,33215	-1,11719	1,26779	-81,1401	82,404	-1,08789	1,02515
5242880	-2,80371	84,7688	3,60254	84,8888	-0,745117	84,7853	-3,25439	84,6584
5373952	-82,6992	86,9236	-82,5391	87,0423	-83,1211	61,1455	4,26123	1,43597
5505024	-0,750488	88,6783	-1,22754	88,6277	0,726563	88,6911	95,3726	1,84497
5636096	3,30664	91,1901	92,9395	1,30934	3,00439	91,1789	2,21387	91,0732
5767168	0,874512	65,4037	0,983887	65,416	1,02197	92,8245	2,07764	92,8822
5898240	2,34814	95,374	5,60303	95,4784	99,4956	1,55408	1,36084	95,2257
6029312	-2,32959	97,0944	-2,06592	97,1135	0,435547	97,1598	-0,206543	97,072
6160384	100,464	2,14245	0,71875	99,9191	101,878	6,04091	104,497	7,3796
6291456	-0,307129	71,3352	106,059	2,85559	2,6167	101,533	9,4043	101,567
6422528	102,055	6,07049	3,14258	103,896	110,553	4,6872	7,03369	103,918
6553600	5,2583	105,992	6,65088	105,768	8,16064	105,904	12,3101	74,362
6684672	-0,671875	108,744	-0,329102	108,871	2,65088	108,807	4,74316	108,988
6815744	-11,6006	111,314	105,789	12,5673	-14,2705	111,329	102,938	16,7163
6946816	3,49414	114,209	117,003	23,4087	115,688	22,116	7,2085	113,787
7077888	-105,425	81,3314	-2,521	25,9551	-6,99414	28,7063	-113,272	116,216
7208960	-11,9932	120,399	-13,4268	120,601	138,939	1,68734	103,029	32,2089
7340032	121,968	37,9887	7,54736	123,316	4,70264	123,597	130,008	31,8841
7471104	4,48877	127,87	4,82373	126,986	25,6646	87,4785	29,1338	87,0715
7602176	0,0454102	130,683	3,22998	129,591	-1,68555	130,823	132,54	41,3116
7733248	-115,539	133,863	3,75098	51,4794	-121,902	134,809	-115,44	133,883
7864320	-852,336	125,752	-125,884	137,498	-122,634	137,728	-121,534	136,973
7995392	-127,465	142,222	-98,2778	96,9681	-128,13	142,174	10,8086	53,2735
8126464	5,81689	147,92	135,939	68,0178	-800,972	144,824	-725,661	140,144
8257536	2,51978	20,334	7356,07	68,7714	7351,45	72,5495	7219,13	152,347
8388608	43,9697	170,73	411,461	60,1271	-1242,44	136,303	411,506	56,673
8519680	32,7705	41,7375	-7,41943	39,1782	-34,0146	38,5642	-42,1353	37,7567
8650752	3,16748	7,29772	153,634	39,0987	-7,81958	11,4734	84,9791	39,0713
8781824	49,3436	37,4	-8,08862	9,28489	-8,37891	7,89625	-3,22339	10,9472
8912896	-73,2257	8,52322	-97,9847	10,0229	-100,911	11,616	-111,632	14,7895
9043968	-9,45435	36,6384	-61,0094	8,1905	-61,4747	9,38441	-62,2396	11,1055
9175040	-112,898	8,1232	-91,2532	8,92249	-105,917	8,51805	-67,1639	25,3233
9306112	3,63281	7,35735	-12,7225	13,0108	0,417603	9,25561	133,175	41,8762
9437184	-38,2656	39,6579	-124,019	8,42519	-12,5156	40,9028	-130,321	12,4323
9568256	95,9508	39,8669	3,15796	8,59792	1,16687	9,32965	73,4318	36,1308
9699328	-43,9282	40,0945	-127,599	9,55692	-129,96	8,66559	-35,8687	37,9456
9830400	-157,416	11,8005	-166,006	8,17025	-52,679	42,5318	-171,727	15,0857
9961472	137,396	40,7853	-8,98376	8,7277	-6,80273	9,86472	4,40894	14,2405
10092544	-95,7927	11,285	23,1865	43,3275	-102,053	8,16045	-11,3535	41,8125
10223616	-63,8127	39,4478	-134,407	11,398	-132,843	11,4468	-30,7124	41,8312
10354688	-54,0857	44,2667	-73,1519	39,75	-112,36	42,9716	-86,2329	42,809
10485760	-54,5295	11,7441	102,753	41,6816	-75,3801	10,6005	22,2776	38,6794
10616832	-25,4226	11,935	191,511	44,5275	-18,8416	12,0165	99,0146	41,5198
10747904	-6,21948	13,1503	-25,7595	13,4427	197,348	43,185	85,8413	44,1211
10878976	158,018	45,4325	-5,67407	19,1652	-47,5139	9,97915	1,89282	17,4645
11010048	-112,221	11,9539	-91,593	14,4095	-127,943	9,83139	-34,031	37,7273
11141120	-166,495	15,1529	-72,165	38,0499	-98,9307	39,791	-125,292	15,4595
11272192	-112,807	38,9346	-159,135	11,2019	-59,5352	39,7737	-106,394	18,077
11403264	141,794	45,2941	43,8984	40,6421	99,4836	40,3438	1,29443	17,597
11534336	-113,873	40,672	-148,597	14,1844	-5,18677	46,3961	-23,4673	47,1185
11665408	-140,045	40,2529	-175,47	16,0547	37,5227	46,9545	-144,756	17,8479
11796480	181,902	46,6742	45,926	14,7074	272,134	46,8446	42,3884	20,4021
11927552	119,752	45,4776	203,583	47,8076	60,53	17,2378	48,5303	14,5442
12058624	217,227	48,7256	224,454	49,8621	56,4941	40,7194	150,307	47,5682
12189696	41,2043	44,4872	-5,34326	45,9026	135,26	49,8015	118,66	47,9231
12320768	195,823	50,158	38,5215	15,5672	191,659	49,6511	91,6724	42,1451
12451840	-157,557	15,7044	-184,799	14,8928	-160,371	14,2923	-164,92	43,2802
12582912	-82,0881	7,86649	-35,9849	43,8946	-86,55	8,78899	-98,281	33,1108
12713984	-89,4812	9,0098	107,355	57,7723	36,8296	54,5619	16,8757	51,1594
12845056	-12,4119	9,30452	-15,5852	11,5143	42,1177	43,2553	-18,5183	11,7259
12976128	50,5293	40,7994	32,6775	45,7791	-9,69531	9,86539	65,6831	52,1079
13107200	31,0171	6,42061	23,8105	6,66886	114,59	52,639	0,623047	14,8247
13238272	8,41699	8,19962	4,26025	6,76909	102,649	53,6701	-0,735352	14,7589
13369344	-88,334	9,29335	49,6785	56,4796	65,0261	51,8853	-98,1091	12,101
13500416	-56,658	48,2043	30,2678	52,6894	-54,0776	48,4025	-94,4004	7,02734
13631488	74,3484	53,0453	-89,8694	10,1248	61,3826	54,1959	-118,604	12,3591
13762560	56,509	53,9209	-10,1772	48,7307	-50,2683	8,84569	-62,7466	12,4219
13893632	-0,0754395	54,0829	-126,832	10,0132	-58,8413	48,9681	-61,2371	49,004
14024704	-124,71	47,2405	-173,806	7,10399	-116,623	50,3522	-187,563	11,7694
14155776	10,7261	10,5755	179,652	55,381	128,817	49,2276	114,985	49,791
14286848	79,2097	49,1765	6,20215	51,0176	117,729	58,18	107,798	56,594
14417920	141,051	56,7194	119,913	59,1795	164,228	57,2061	156,428	57,4212
14548992	82,4316	53,6516	-54,7119	11,1651	-44,1729	12,0908	-17,9651	52,1321
14680064	60,6599	59,7724	66,011	51,6783	-79,7781	14,1636	45,019	57,809
14811136	-37,322	60,3078	-85,8552	49,2972	-134,486	6,50759	-152,44	53,6492
14942208	-7,97095	9,41266	10,062	8,92556	75,0239	49,4959	-42,6646	21,9582
15073280	68,6875	53,1082	15,929	9,92893	81,3362	61,7977	-79,9226	17,7759
15204352	-18,0728	53,4253	-71,9771	6,96772	53,3677	59,5769	-90,0674	55,0793
15335424	-53,8584	5,57949	-61,0647	8,9549	44,3984	60,0098	145,512	64,2982
15466496	143,166	64,678	-43,1228	6,76349	-11,481	54,9602	217,655	65,5103
15597568	120,665	55,0396	-1,7251	7,28695	-5,58911	9,73311	-13,0212	48,5122
15728640	33,1675	5,41726	16,9148	9,04938	58,8972	55,6604	-47,0134	14,2487
15859712	62,7324	55,9285	10,4207	10,0332	-67,0994	14,7927	-94,0884	13,5236
15990784	1,7749	8,14177	-11,7126	9,15982	-11,2786	53,9752	-127,364	12,6288
16121856	-18,4561	10,2618	-9,53442	9,8846	-75,5254	14,3137	-83,4604	15,1694
16252928	-1,90796	10,0974	-11,8281	10,3577	-60,7498	13,3056	190,818	65,2931
16384000	-18,7083	8,93477	-9,13794	10,9365	-64,592	15,4117	29,6477	59,4143
16515072	-18,6316	10,1789	-22,0264	11,2806	-85,8247	13,065	5,06787	55,8194
16646144	-40,1506	11,0103	-45,2029	11,2272	-108,361	14,3059	-101,59	15,7501
16777216	23,0271	6,78553	29,0488	12,3184	20,574	10,9459	95,7319	54,6072

