512	23,3985	4,06656	0,406656	22,9778	4,54756	0,454756	23,2355	3,99411	0,399411	22,2163	3,38209	0,338209
1024	24,9747	1,15301	0,16306	24,7022	1,05262	0,148863	24,8681	1,16232	0,164377	23,523	1,27245	0,179951
1536	25,1408	1,0604	0,149963	24,8978	1,01965	0,144201	24,8771	1,04238	0,147415	24,3673	1,71451	0,242468
2048	25,1557	1,08406	0,153309	25,2593	1,21593	0,171958	25,1645	1,05869	0,149721	23,8222	1,12828	0,159563
2560	25,3156	1,07277	0,151713	25,4104	1,1531	0,163073	25,4637	1,136	0,160655	24,0384	1,08235	0,153067
3072	25,683	1,18732	0,167912	25,7036	1,10917	0,15686	25,7779	1,1078	0,156666	24,2016	1,08806	0,153874
3584	26,0474	1,14426	0,161822	26,0801	1,24492	0,176058	26,006	1,17273	0,165849	24,3911	1,02898	0,14552
4096	26,1481	1,07831	0,152497	26,1215	1,05071	0,148593	26,3407	1,11472	0,157645	24,7912	1,26929	0,179505
4608	26,4149	1,08788	0,15385	26,5008	1,20863	0,170926	26,3614	1,0353	0,146414	24,7378	1,02044	0,144312
5120	26,5719	1,08071	0,152836	26,5304	1,1061	0,156427	26,6369	1,15971	0,164008	25,3659	1,09893	0,155412
5632	26,6488	1,05722	0,149514	26,7644	1,08444	0,153363	26,637	0,985448	0,139363	25,523	1,06073	0,15001
6144	27,0755	1,11653	0,157901	26,9718	1,11242	0,15732	27,0874	1,14542	0,161987	25,517	1,0218	0,144504
6656	27,2889	1,06203	0,150194	27,1733	1,10331	0,156031	27,1852	1,03662	0,1466	25,9288	1,13396	0,160366
7168	27,4193	1,03107	0,145815	27,6652	1,20613	0,170573	27,4756	1,07122	0,151493	26,1719	1,10886	0,156816
7680	28,0888	1,07079	0,151433	28,1866	1,07824	0,152485	28,2134	1,18977	0,168258	26,6933	1,14303	0,161649
8192	28,1688	1,04582	0,147901	28,169	1,10956	0,156915	28,003	1,10516	0,156293	26,8829	1,14175	0,161467
8704	28,2874	1,08138	0,15293	28,4712	1,3043	0,184456	28,2074	1,01815	0,143988	26,9777	1,17848	0,166662
9216	28,3733	1,11874	0,158214	28,5185	1,06879	0,151149	28,6519	1,11836	0,158161	27,4844	1,1799	0,166863
9728	28,9363	1,09289	0,154558	28,6696	1,02825	0,145416	28,8771	1,04067	0,147173	27,4104	1,10591	0,156399
10240	29,1407	1,21915	0,172414	29,1437	1,10737	0,156605	29,1053	1,12597	0,159236	27,3066	1,07398	0,151884
10752	29,2059	1,01859	0,14405	29,0252	1,01415	0,143423	29,7334	1,21083	0,171238	27,7067	1,06475	0,150578
11264	29,9406	1,11556	0,157764	29,7304	1,11079	0,15709	29,8578	1,14767	0,162306	28,5095	1,24644	0,176274
11776	29,917	1,10607	0,156421	29,9051	1,19123	0,168465	29,8519	1,1091	0,156851	28,326	1,17577	0,166279
12288	30,2103	1,12226	0,158711	30,0325	1,11016	0,157	30,1482	1,10877	0,156804	28,7734	1,16206	0,16434
12800	30,2845	1,05357	0,148998	30,2193	1,04731	0,148111	30,2844	1,07244	0,151666	28,9868	1,13297	0,160226
13312	30,7348	1,17626	0,166348	30,6933	1,14707	0,16222	30,8267	1,04447	0,14771	29,4074	1,20327	0,170168
13824	31,1673	1,11072	0,15708	31,1496	1,05934	0,149813	31,0312	1,10304	0,155993	29,3511	1,18387	0,167424
14336	30,9274	1,02752	0,145313	31,1911	1,17959	0,16682	31,043	1,07505	0,152035	29,6148	1,15901	0,163908
14848	31,277	1,09756	0,155218	31,1704	1,12394	0,15895	31,4517	1,13384	0,160349	29,8755	1,15365	0,163151
15360	31,5259	1,02126	0,144428	31,7423	1,10574	0,156375	31,591	1,0575	0,149553	30,3081	1,17921	0,166765
15872	31,6505	1,13917	0,161103	31,5438	1,05253	0,14885	31,7571	1,11782	0,158083	30,4267	1,09519	0,154883
16384	31,9882	0,999326	0,141326	32,0296	1,08825	0,153901	32,1896	1,0747	0,151985	30,8859	1,16628	0,164936
16896	32,6459	1,0828	0,153131	32,9363	1,16894	0,165313	32,7378	1,05111	0,14865	30,7615	1,00383	0,141963
17408	32,9097	1,10293	0,155978	32,8889	1,09647	0,155064	32,8267	1,02428	0,144855	31,2237	1,0748	0,152
17920	33,1349	1,01096	0,142971	32,8593	1,10463	0,156218	33,2176	1,11222	0,157291	31,1496	1,01974	0,144212
18432	33,197	1,12701	0,159383	33,043	1,01189	0,143102	33,1526	1,03518	0,146396	31,7601	1,12774	0,159486
18944	33,5704	1,2499	0,176763	33,3185	1,07886	0,152574	33,2534	1,22697	0,173519	31,7778	1,13386	0,160352
19456	33,8725	1,14703	0,162214	33,6889	1,21645	0,172032	33,8134	1,22743	0,173585	32,166	1,04187	0,147342
19968	33,7362	1,23108	0,1741	33,7956	1,13006	0,159815	33,8756	1,19671	0,16924	31,9704	0,972192	0,137489
20480	34,8888	1,19805	0,169429	35,0074	1,12434	0,159006	34,7348	1,12355	0,158894	33,3569	1,25018	0,176802
20992	34,8533	1,06198	0,150187	35,114	1,40781	0,199094	34,8503	1,08149	0,152946	33,7273	1,18609	0,167738
21504	35,3126	1,11697	0,157964	35,2208	1,24661	0,176297	35,3155	1,13179	0,160059	33,8874	1,22526	0,173279
22016	35,3007	1,14717	0,162234	35,3689	1,06536	0,150664	35,3748	1,207	0,170696	33,9437	1,06065	0,149998
22528	35,9082	1,27624	0,180488	35,8341	1,19444	0,16892	35,7451	1,11037	0,157031	34,4711	1,12122	0,158565
23040	35,8043	1,24847	0,176561	35,9022	1,13404	0,160377	35,757	1,12457	0,159039	34,5185	1,21396	0,171679
23552	36,5244	1,20913	0,170997	36,1837	1,22085	0,172654	36,2164	1,21627	0,172007	35,1467	1,22943	0,173867
24064	36,3082	1,15248	0,162985	36,1096	1,13016	0,159828	36,2104	1,12308	0,158828	35,1644	1,15752	0,163699
24576	36,4474	1,25328	0,177241	36,6459	1,17487	0,166152	36,5245	1,20437	0,170324	35,5763	1,12745	0,159445
25088	36,48	1,16868	0,165276	36,809	1,31537	0,186021	36,5866	1,16429	0,164656	35,5793	1,23784	0,175057
25600	37,2266	1,13428	0,160412	37,1199	1,30068	0,183943	37,1349	1,37502	0,194457	35,8637	1,11828	0,158148
26112	37,363	1,24019	0,175389	37,4666	1,32753	0,187741	37,1052	1,10586	0,156392	35,8191	1,22323	0,172991
26624	37,6029	1,24511	0,176086	37,9378	1,18399	0,167441	37,5495	1,30924	0,185155	36,1806	1,19061	0,168377
27136	37,6918	1,11352	0,157476	37,7037	1,24757	0,176433	37,6533	1,10077	0,155673	36,2875	1,18153	0,167094
27648	38,2639	1,15623	0,163515	38,1481	1,22736	0,173574	37,843	1,20059	0,16979	36,8444	1,19618	0,169166
28160	37,7747	1,09338	0,154628	37,8074	1,1227	0,158773	37,9704	1,18005	0,166884	36,7436	1,1686	0,165266
28672	38,5984	1,38884	0,196411	38,32	1,15454	0,163276	38,4267	1,08411	0,153317	37,0609	1,26395	0,178749
29184	38,5986	1,18253	0,167235	38,5393	1,08744	0,153787	38,5747	1,15601	0,163484	37,1822	1,12086	0,158514
29696	38,8414	1,06482	0,150588	38,9274	1,07028	0,15136	38,8593	1,15938	0,163962	37,4342	1,16142	0,16425
30208	38,8889	1,18905	0,168158	38,8059	1,11527	0,157724	38,9748	1,08976	0,154115	37,3689	1,14892	0,162482
30720	39,0221	1,14443	0,161847	39,2711	1,10771	0,156654	39,0192	1,12344	0,158879	37,7838	1,18247	0,167226
31232	39,7334	1,30151	0,184061	39,8163	1,1691	0,165336	40,0001	1,23078	0,174058	38,5866	1,22531	0,173285
31744	39,7779	1,00618	0,142295	39,9556	1,23887	0,175203	39,7837	1,18858	0,168091	38,6549	1,29293	0,182847
32256	40,157	1,141	0,161361	40,2103	1,08219	0,153044	40,0415	1,20546	0,170478	38,8652	1,10113	0,155723
32768	40,4	1,16808	0,165192	40,6015	1,28996	0,182428	40,32	1,24572	0,176171	39,2503	1,30483	0,18453
33280	42,0148	1,35391	0,191472	41,8904	1,01475	0,143507	41,923	1,32895	0,187942	40,6814	1,3231	0,187115
33792	41,0875	1,18728	0,167907	41,1792	1,13646	0,160719	41,0488	1,09882	0,155396	39,7363	1,22584	0,17336
34304	41,7126	1,09194	0,154424	41,443	1,17376	0,165995	41,4934	1,1714	0,165661	40,3556	1,20871	0,170937
34816	42,0444	1,15249	0,162987	42,2164	1,18098	0,167016	42,1394	1,26138	0,178386	40,9334	1,40775	0,199086
35328	42,6904	1,21588	0,171951	42,3141	1,09349	0,154643	42,5036	1,17818	0,166619	41,2919	1,22536	0,173292
35840	42,7704	1,14457	0,161867	42,7319	1,21143	0,171322	42,8474	1,13983	0,161197	41,3897	1,3042	0,184442
36352	43,1112	1,20542	0,170473	43,2001	1,12475	0,159063	43,348	1,20805	0,170844	41,8165	1,15212	0,162934
36864	43,2622	1,12089	0,158517	43,2356	1,3517	0,191159	43,4874	1,11914	0,158271	42,0592	1,18549	0,167654
37376	43,5792	1,16748	0,165106	43,3955	1,18781	0,167982	43,5289	1,23387	0,174496	42,637	1,44032	0,203692
37888	43,8785	1,19523	0,169031	44,0829	1,10922	0,156868	43,9615	1,08662	0,153671	42,3883	1,22596	0,173376
38400	44,3556	1,24563	0,176159	43,9437	1,08035	0,152785	44,3465	1,30681	0,184811	42,889	1,19123	0,168465
38912	44,9394	1,11576	0,157793	44,9511	1,18252	0,167233	44,7792	1,16377	0,164582	43,7363	1,27203	0,179893
39424	44,7407	1,11271	0,15736	44,7259	1,2144	0,171741	44,7615	1,27503	0,180316	43,7778	1,41694	0,200386
39936	45,2149	1,22816	0,173688	45,4163	1,17348	0,165954	45,4489	1,28189	0,181287	44,0978	1,33506	0,188807
40448	45,6416	1,21849	0,172321	45,5675	1,14134	0,161409	45,5941	1,2799	0,181006	44,6341	1,24996	0,176772
40960	45,7008	1,03483	0,146347	45,843	1,13935	0,161128	45,8815	1,15348	0,163127	44,5985	1,10103	0,155709
41472	46,6756	1,20737	0,170748	46,7674	1,18421	0,167473	46,5036	1,24823	0,176527	45,4844	1,18499	0,167583
41984	46,9244	1,16952	0,165395	47,2651	1,27472	0,180272	46,9659	1,22615	0,173404	45,7748	1,16136	0,164241
42496	47,3037	1,0663	0,150797	47,0014	1,21206	0,171411	47,286	1,38829	0,196334	45,7126	1,17842	0,166654
43008	47,449	1,23796	0,175074	47,2741	1,09134	0,154339	47,2326	1,23906	0,17523	46,157	1,2992	0,183734
43520	47,8459	1,33715	0,189102	47,6267	1,23448	0,174582	47,5141	1,20626	0,170591	46,1483	1,18604	0,167731
44032	47,6295	0,99371	0,140532	47,7511	1,12838	0,159577	47,9082	1,13144	0,160009	46,4118	1,22192	0,172806
44544	49,114	1,2202	0,172563	48,9481	1,18491	0,167571	49,0489	1,39671	0,197524	47,8519	1,37805	0,194886
45056	49,1526	1,19919	0,169591	49,3274	1,2561	0,177639	49,3511	1,22258	0,172899	48,32	1,37555	0,194532
45568	49,5912	1,26936	0,179515	49,3689	1,11454	0,15762	49,3777	1,27466	0,180264	48,1482	1,20533	0,170459
46080	50,163	1,13135	0,159997	50,2222	1,15999	0,164047	50,0563	1,18567	0,16768	49,0045	1,17206	0,165755
46592	49,8932	1,17078	0,165573	50,1658	1,11296	0,157397	50,0267	1,20738	0,17075	48,7674	1,1281	0,159537
47104	51,3215	1,25497	0,17748	51,203	1,11012	0,156995	51,1704	1,28145	0,181225	50,1156	1,41394	0,199961
47616	52,0977	1,27531	0,180356	51,837	1,18483	0,167561	52,1156	1,31225	0,185581	50,7882	1,26687	0,179163
48128	52,5451	1,35164	0,191151	52,7525	1,29253	0,182791	52,7141	1,18312	0,167319	51,3956	1,4216	0,201044
48640	52,3259	1,32235	0,187008	52,6044	1,27784	0,180714	52,8917	1,46549	0,207252	51,2593	1,09767	0,155234
49152	53,0845	1,14269	0,161601	52,9511	1,19041	0,168349	52,7852	1,34596	0,190347	51,8607	1,24221	0,175674
49664	53,9673	1,15068	0,16273	54,163	1,30702	0,184841	54,3615	1,32829	0,187848	52,8503	1,23447	0,17458
50176	54,006	1,13853	0,161012	53,9793	1,08029	0,152775	54,0771	1,28372	0,181546	52,6399	1,24435	0,175978
50688	54,3734	1,14392	0,161775	54,6135	1,23829	0,17512	54,803	1,31005	0,185269	53,5408	1,10352	0,156061
51200	55,5526	1,19633	0,169187	55,6711	1,47674	0,208843	55,514	1,24883	0,176612	54,3141	1,36889	0,19359
51712	55,4606	1,20491	0,1704	55,4133	1,22158	0,172757	55,3541	1,15642	0,163542	53,9497	1,06046	0,149972
52224	56,323	1,26019	0,178217	56,2014	1,27997	0,181016	56,08	1,2664	0,179097	54,9274	1,53162	0,216604
52736	56,5955	1,23248	0,174299	56,8	1,20312	0,170147	56,7348	1,15371	0,16316	55,2889	1,37968	0,195117
53248	57,2149	1,25919	0,178077	57,1764	1,37009	0,19376	57,1407	1,24003	0,175367	55,7363	1,31765	0,186344
53760	57,1823	1,28383	0,181562	57,0844	1,26149	0,178401	56,8473	1,19313	0,168735	55,4253	1,12851	0,159596
54272	58,0148	1,13456	0,160452	58,0978	1,27666	0,180546	58,1156	1,22088	0,172659	56,6934	1,18452	0,167517
54784	58,1541	1,28877	0,18226	58,0119	1,22359	0,173041	58,2548	1,21334	0,171592	56,7881	1,10635	0,156462
55296	59,0162	1,25406	0,177351	59,0548	1,33894	0,189355	58,8978	1,20701	0,170697	57,3629	1,14128	0,161401
55808	59,5584	1,10432	0,156175	59,6503	1,29074	0,182539	59,8044	1,31097	0,185399	58,2756	1,15761	0,16371
56320	59,0459	1,21615	0,17199	59,0756	1,2942	0,183027	59,0313	0,984971	0,139296	58,1778	1,36678	0,193292
56832	60,5511	1,30932	0,185166	60,6103	1,20748	0,170763	60,4148	1,23375	0,174479	59,0667	1,18973	0,168254
57344	60,3348	1,15061	0,16272	60,48	1,32932	0,187994	60,4237	1,25196	0,177054	59,2799	1,33022	0,188122
57856	60,4177	1,28587	0,181849	60,5807	1,1866	0,167811	60,7408	1,44416	0,204235	59,28	1,38971	0,196534
58368	61,0932	1,22994	0,17394	61,0371	1,29042	0,182493	61,0489	1,38944	0,196496	59,9022	1,17437	0,166082
58880	62,1363	1,30607	0,184706	62,0622	1,12542	0,159158	62,1541	1,40396	0,19855	61,0193	1,50416	0,21272
59392	62,9898	1,38641	0,196068	62,8445	1,18261	0,167246	62,7318	1,2769	0,180581	61,431	1,35178	0,191171
59904	63,3244	1,36193	0,192606	63,1259	1,33701	0,189081	63,4193	1,17455	0,166106	62,151	1,21294	0,171535
60416	63,3155	1,27956	0,180957	63,191	1,34658	0,190435	63,3065	1,21554	0,171904	62,0652	1,21078	0,17123
60928	62,9985	1,16947	0,165388	62,957	1,29587	0,183264	62,8504	1,33869	0,18932	61,9496	1,31912	0,186552
61440	63,5527	1,07522	0,152059	63,4371	1,26273	0,178577	63,6444	1,22191	0,172804	62,5422	1,39496	0,197277
61952	64,5452	1,18911	0,168166	64,4474	1,16766	0,165131	64,4624	1,31679	0,186222	62,8445	1,25816	0,177931
62464	65,1527	1,28648	0,181935	65,5051	1,45529	0,205809	65,3392	1,20326	0,170166	64,4977	1,32732	0,187711
62976	65,5584	1,16582	0,164872	65,4993	1,2072	0,170724	65,6149	1,14844	0,162414	64,3733	1,23679	0,174909
63488	65,8164	1,18585	0,167705	65,9762	1,36886	0,193585	66,157	1,40994	0,199395	64,9392	1,22229	0,172857
64000	66,4771	1,10667	0,156506	66,4207	1,14349	0,161714	66,4533	1,14219	0,16153	64,9896	1,25623	0,177658
64512	66,9037	1,2953	0,183183	66,6075	1,34122	0,189677	66,7496	1,32886	0,18793	65,5615	1,37663	0,194685
65024	67,44	1,30849	0,185049	67,3482	1,40607	0,198848	67,4103	1,43402	0,2028	65,7778	1,21022	0,171151
65536	67,9614	1,40918	0,199287	68,0385	1,52469	0,215624	68,2578	1,2776	0,180679	66,6903	1,54576	0,218604
66048	69,6208	1,43737	0,203274	69,7807	1,51237	0,213882	69,5734	1,36002	0,192335	68,1215	1,2038	0,170243
66560	69,7866	1,4075	0,199051	69,8134	1,24435	0,175978	70,0327	1,15685	0,163603	68,6608	1,16778	0,165148
67072	70,4177	1,17285	0,165866	70,3557	1,27448	0,180238	70,329	1,12744	0,159445	68,9749	1,18214	0,16718
67584	71,3096	1,4477	0,204736	71,2859	1,22767	0,173619	71,3511	1,35677	0,191877	70,2992	1,47187	0,208154
68096	71,4371	1,26128	0,178372	71,4785	1,41447	0,200036	71,446	1,48413	0,209887	70,1155	1,41092	0,199535
68608	71,8844	1,3406	0,18959	71,9586	1,44134	0,203836	71,9141	1,18224	0,167194	70,6873	1,52602	0,215812
69120	72,4563	1,23728	0,174978	72,1453	1,23243	0,174292	72,4503	1,25355	0,177278	70,9423	1,0437	0,147601
69632	72,7348	1,19394	0,168848	72,7111	1,22349	0,173028	72,8475	1,00895	0,142687	71,6237	1,36994	0,193739
70144	73,0519	1,49942	0,21205	73,049	1,11697	0,157964	73,1971	1,20044	0,169768	72,1363	1,39903	0,197852
70656	74,7733	1,47117	0,208055	74,4326	1,32276	0,187067	74,4712	1,37899	0,195019	73,1142	1,35428	0,191524
71168	74,3171	1,54181	0,218045	73,9527	1,25085	0,176897	73,9112	1,25363	0,17729	72,8741	1,28502	0,181729
71680	74,4384	1,31396	0,185823	74,7318	1,39565	0,197375	74,471	1,2335	0,174443	73,5941	1,2411	0,175518
72192	75,2591	1,36303	0,192761	75,1111	1,14947	0,16256	75,2178	1,41117	0,19957	73,9615	1,39579	0,197394
72704	75,7363	1,33031	0,188134	75,6771	1,39707	0,197576	76,0446	1,26701	0,179182	74,5808	1,24706	0,176361
73216	76,1126	1,15205	0,162925	76,4445	1,1688	0,165294	76,2282	1,24954	0,176711	75,2533	1,50041	0,21219
73728	76,4	1,76419	0,249495	76,2074	1,31159	0,185487	76,249	1,27254	0,179965	75,0341	1,30266	0,184224
74240	77,6977	1,30708	0,184849	77,5201	1,29143	0,182636	77,6534	1,41415	0,199991	76,7585	1,39768	0,197662
74752	78,1245	1,16827	0,165218	77,9052	1,74849	0,247274	77,9585	1,5895	0,224789	76,6223	1,44687	0,204619
75264	78,0296	1,15391	0,163188	78,1363	1,25794	0,1779	78,3586	1,38164	0,195393	76,8119	1,3278	0,18778
75776	78,9214	1,38627	0,196048	78,8029	0,966092	0,136626	78,4682	1,37661	0,194682	77,4785	1,29035	0,182483
76288	79,04	1,2331	0,174387	79,3451	1,39721	0,197595	79,0993	1,9503	0,275814	77,8045	1,32058	0,186758
76800	80,3852	1,7248	0,243923	80,1304	1,42912	0,202109	80,5779	1,6291	0,23039	79,0904	1,34916	0,1908
77312	80,317	1,64941	0,233262	79,917	1,33737	0,189132	80,0326	1,73818	0,245816	78,8118	1,69927	0,240313
77824	81,1051	2,31959	0,32804	80,8327	2,00188	0,283109	80,8029	2,14601	0,303492	79,3363	1,40755	0,199057
78336	80,9601	1,34658	0,190436	81,1734	1,58998	0,224857	81,043	1,49085	0,210838	79,6326	1,39278	0,196969
78848	81,2859	1,68027	0,237626	81,7214	1,62311	0,229543	81,5497	1,58094	0,223578	80,3762	1,41852	0,200609
79360	81,9378	1,31409	0,18584	82,0652	1,47347	0,208379	82,2074	1,36285	0,192735	80,9066	1,42119	0,200986
79872	81,9437	1,3239	0,187228	82,2903	1,51993	0,21495	82,4623	1,35516	0,191649	81,0459	1,43926	0,203541
80384	83,2385	1,40173	0,198235	83,3777	1,85429	0,262237	83,2652	1,54622	0,218668	82,1984	1,18904	0,168155
80896	83,2859	1,43941	0,203563	83,3304	1,61801	0,228821	83,4163	1,55452	0,219842	81,7895	1,5034	0,212613
81408	84,077	1,2107	0,171219	83,9112	1,38977	0,196543	84,246	1,3128	0,185658	82,8445	1,81601	0,256823
81920	83,4311	1,27906	0,180886	83,2058	1,17293	0,165877	83,4518	1,3393	0,189405	82,3022	1,32687	0,187647
82432	85,7807	1,90695	0,269683	85,6741	1,40015	0,198012	85,594	1,62718	0,230117	84,7229	1,46829	0,207647
82944	86,7674	1,44734	0,204685	86,8978	1,48849	0,210504	86,4977	1,1139	0,157529	85,3185	1,22248	0,172885
83456	86,317	1,43123	0,202407	86,9156	2,15659	0,304987	86,7674	1,71375	0,242361	85,1792	1,47996	0,209298
83968	87,2741	1,19174	0,168538	87,2711	1,25596	0,17762	87,4164	1,40624	0,198872	85,9792	1,3744	0,194369
84480	88,0594	1,54284	0,218191	87,7659	1,21034	0,171168	87,9051	1,75559	0,248278	86,8237	1,18116	0,167041
84992	88,9214	1,22942	0,173866	88,9659	1,31192	0,185534	88,7793	1,35984	0,19231	87,7096	1,18367	0,167396
85504	88,9571	1,3306	0,188175	89,0192	1,80664	0,255497	89,0074	1,30192	0,184119	87,5466	1,328	0,187808
86016	89,8074	1,1896	0,168234	89,9911	1,41504	0,200117	89,9349	1,33635	0,188988	88,6193	1,25127	0,176956
86528	91,0223	1,24022	0,175394	91,2118	1,19289	0,1687	91,0549	1,40456	0,198635	89,8933	1,41485	0,20009
87040	91,1556	1,31416	0,185851	91,2238	1,12845	0,159587	91,1081	1,09596	0,154992	90,0237	1,47628	0,208778
87552	91,6829	1,66465	0,235417	91,609	1,70385	0,24096	91,3333	1,38303	0,19559	90,3911	1,89208	0,26758
88064	91,7066	1,255	0,177484	91,8519	1,17029	0,165504	91,7512	1,24502	0,176072	90,397	1,13835	0,160987
88576	92,0739	1,52818	0,216117	92,2608	1,48028	0,209344	92,1601	1,58019	0,223473	90,7881	1,28478	0,181695
89088	92,2667	1,7032	0,240869	92,2844	1,78807	0,252871	92,2993	1,31607	0,18612	91,1497	1,67033	0,23622
89600	92,9866	1,61531	0,228439	92,6992	1,34155	0,189724	93,0104	1,40248	0,198341	91,7601	1,1753	0,166212
90112	92,8	1,23873	0,175183	92,7111	1,16116	0,164212	93,28	1,23146	0,174155	91,5941	1,36041	0,192392
90624	93,7097	1,76064	0,248993	93,6238	1,67641	0,23708	93,8429	1,88759	0,266945	92,163	1,33697	0,189076
91136	94,1155	1,86748	0,264102	93,8339	1,41493	0,200101	94,0325	1,37124	0,193922	92,8415	1,37197	0,194025
91648	95,1586	1,79941	0,254476	95,0578	1,34808	0,190647	94,8148	1,58144	0,223649	93,7393	1,30185	0,18411
92160	95,6919	1,517	0,214536	95,1141	1,41259	0,19977	95,0933	1,29598	0,183279	94,4266	1,12665	0,159333
92672	95,6682	1,30725	0,184873	95,3986	1,81448	0,256606	95,8519	1,95143	0,275974	94,9008	1,49358	0,211224
93184	96,2993	1,55922	0,220506	96,2992	1,5363	0,217266	96,489	1,66624	0,235641	95,0993	1,87884	0,265708
93696	97,1763	1,9117	0,270356	97,523	2,28153	0,322657	97,3808	2,42705	0,343237	95,5111	1,32552	0,187457
94208	97,4312	1,69701	0,239993	97,4281	1,30876	0,185087	97,3777	1,40656	0,198918	96,7585	2,031	0,287226
94720	97,8489	1,77431	0,250925	98,237	1,7566	0,248421	98,0445	1,33549	0,188867	96,9274	1,67906	0,237455
95232	98	1,3651	0,193054	98,2016	1,51119	0,213714	98,2726	1,46105	0,206624	97,4548	1,51156	0,213767
95744	97,7777	1,64919	0,233231	97,9822	1,39681	0,197539	98,2519	1,74762	0,24715	97,2534	1,7614	0,249099
96256	99,3394	1,37479	0,194424	99,6652	1,63542	0,231283	99,4223	1,5097	0,213504	99,4903	2,36318	0,334205
96768	99,9436	1,37776	0,194844	99,846	1,55815	0,220356	100,148	1,7476	0,247148	99,0755	1,53502	0,217085
97280	100,522	1,62678	0,230062	100,711	1,59313	0,225302	100,699	1,40765	0,199072	100,204	1,76559	0,249692
97792	101,019	2,16069	0,305568	101,159	1,73274	0,245046	100,925	1,3363	0,188981	100,243	1,39964	0,197939
98304	100,998	1,38992	0,196564	101,076	1,62095	0,229236	101,162	1,80444	0,255187	100,453	1,69933	0,240322
98816	102,839	1,56226	0,220938	102,696	2,11454	0,299041	103,197	2,52846	0,357578	101,882	1,50472	0,212799
99328	103,816	1,91073	0,270219	104,376	2,73261	0,386449	103,724	2,06868	0,292556	102,231	1,83698	0,259788
99840	103,422	1,73093	0,24479	103,253	1,15723	0,163657	103,005	1,57977	0,223413	102,204	1,49436	0,211335
100352	103,873	1,55122	0,219376	104,098	1,49825	0,211885	104,036	1,60143	0,226477	102,901	1,37394	0,194304
100864	105,087	1,71063	0,241919	105,215	2,02938	0,286998	105,404	2,02877	0,286911	104,207	2,06475	0,292
101376	106,068	1,79151	0,253358	105,887	2,01246	0,284605	105,742	1,4762	0,208767	105,132	1,49525	0,21146
101888	106,059	1,22574	0,173345	105,932	1,20315	0,17015	106,053	1,31989	0,186661	104,88	1,46396	0,207035
102400	106,693	1,28523	0,181759	106,696	1,39706	0,197574	106,856	1,26668	0,179136	105,484	1,2552	0,177512
102912	108,207	1,52797	0,216087	108,083	1,58979	0,22483	107,95	1,56919	0,221917	106,924	1,43377	0,202766
103424	108,044	2,17928	0,308197	107,819	1,64222	0,232245	107,893	1,99662	0,282365	107,087	2,53204	0,358085
103936	107,659	1,4286	0,202034	107,89	1,552	0,219486	107,994	1,65494	0,234043	106,874	1,6497	0,233303
104448	108,827	1,2479	0,17648	108,987	1,64527	0,232676	108,921	1,46044	0,206538	107,807	1,24363	0,175876
104960	109,464	1,46377	0,207009	109,351	1,35368	0,191439	109,191	1,41662	0,20034	108,059	1,47837	0,209074
105472	109,351	1,41739	0,20045	109,547	1,99377	0,281962	109,39	1,85069	0,261726	108,593	1,63722	0,231538
105984	110,175	1,42613	0,201685	110,056	1,25024	0,17681	110,193	1,476	0,208738	109,363	1,64832	0,233108
106496	111,271	1,46468	0,207136	111,034	1,62133	0,229291	111,138	1,44306	0,204079	109,653	1,36556	0,193119
107008	111,372	1,79444	0,253772	111,642	1,3657	0,193139	111,188	1,52426	0,215563	109,991	1,89485	0,267973
107520	112,042	2,18819	0,309457	111,461	1,32598	0,187522	111,476	1,54369	0,21831	111,215	2,63786	0,37305
108032	111,861	1,35129	0,191102	112,116	1,95404	0,276342	111,84	1,45113	0,205221	110,948	1,42844	0,202012
108544	112,083	1,33326	0,188551	112	1,67344	0,23666	112,35	1,36952	0,193679	110,548	1,27163	0,179836
109056	112,444	1,85319	0,262081	112,32	1,61718	0,228704	112,767	2,13499	0,301933	111,132	1,45716	0,206073
109568	113,973	1,84593	0,261053	113,529	1,69144	0,239205	114,166	2,21043	0,312602	112,684	1,44754	0,204714
110080	113,461	1,58057	0,223526	113,716	1,40841	0,19918	113,644	1,80215	0,254862	113,049	1,79472	0,253811
110592	115,138	1,86999	0,264457	115,087	1,54612	0,218654	114,916	1,45539	0,205824	113,671	1,62847	0,2303
111104	114,862	1,25183	0,177035	114,93	1,67275	0,236562	114,972	1,62596	0,229945	113,556	1,69168	0,23924
111616	115,692	1,60423	0,226872	115,674	2,08217	0,294463	115,641	1,62426	0,229705	114,308	1,47788	0,209004
112128	115,68	1,94353	0,274857	115,647	1,69123	0,239177	116,039	1,72396	0,243804	114,67	1,50332	0,212601
112640	115,73	1,88865	0,267095	115,404	1,46182	0,206732	115,467	1,82524	0,258128	114,373	1,80304	0,254988
113152	117,307	1,43098	0,202371	117,114	1,4239	0,20137	117,372	1,80548	0,255333	116,486	1,85453	0,26227
113664	117,443	1,90468	0,269362	117,52	1,63308	0,230953	117,333	1,90998	0,270112	116,113	1,76548	0,249676
114176	118,927	1,58643	0,224356	118,889	2,00364	0,283358	119,028	1,66652	0,235681	117,336	1,54699	0,218777
114688	118,436	1,67756	0,237242	118,228	1,93864	0,274166	118,453	1,41064	0,199495	117,624	1,66454	0,235402
115200	120,477	1,40788	0,199104	120,35	1,14119	0,161388	120,222	1,21731	0,172154	119,544	1,58645	0,224358
115712	119,876	1,53297	0,216794	119,633	1,74279	0,246468	119,947	2,1325	0,301582	118,628	1,7225	0,243598
116224	121,505	1,43111	0,202389	121,508	1,25731	0,17781	121,553	1,48329	0,209768	120,228	1,55232	0,219532
116736	120,785	1,61956	0,229041	120,951	1,63119	0,230685	120,993	1,78169	0,251969	119,825	1,43286	0,202637
117248	121,639	1,64364	0,232446	121,455	1,61322	0,228144	121,324	1,45841	0,206251	120,338	1,51938	0,214873
117760	122,649	1,47675	0,208844	122,859	1,51091	0,213675	122,545	1,28203	0,181307	121,837	1,87153	0,264674
118272	122,948	1,43884	0,203482	122,738	1,25464	0,177433	123,57	1,66978	0,236142	121,618	1,50426	0,212735
118784	123,997	1,52941	0,216291	124,216	1,32779	0,187779	124,116	1,33903	0,189367	123,135	1,46084	0,206594
119296	124,261	1,29751	0,183496	124,551	2,11007	0,298409	124,19	1,27411	0,180187	123,084	1,11421	0,157574
119808	124,359	1,70216	0,240722	124,424	1,49024	0,210751	124,542	1,43927	0,203543	123,209	1,58734	0,224483
120320	125,043	1,37583	0,194572	125,378	1,45367	0,205581	125,333	1,74956	0,247425	124,415	1,98366	0,280531
120832	126,19	1,67431	0,236783	126,255	1,6328	0,230913	125,92	1,26879	0,179434	124,913	1,36185	0,192594
121344	126,347	1,41851	0,200607	126,107	1,44547	0,204421	126,468	1,37181	0,194003	125,336	1,68949	0,23893
121856	126,688	1,688	0,238719	126,957	1,7455	0,246851	126,344	1,51095	0,213681	125,941	1,84345	0,260703
122368	127,535	1,36614	0,193201	127,79	1,40801	0,199123	127,57	1,36281	0,192731	126,613	1,18891	0,168138
122880	128,335	2,03054	0,287162	127,668	1,30065	0,183939	127,573	1,37856	0,194958	126,643	1,62295	0,22952
123392	127,41	2,00458	0,283491	127,695	1,52656	0,215888	127,882	1,24957	0,176716	126,717	1,60041	0,226332
123904	128,139	1,52693	0,21594	128,018	1,45543	0,20583	127,76	1,26942	0,179524	126,839	1,47769	0,208977
124416	129,277	1,67039	0,236228	129,648	2,21907	0,313824	129,274	1,454	0,205626	128,19	2,05001	0,289916
124928	130,16	1,50522	0,212871	130,169	1,58483	0,224129	129,603	1,24369	0,175884	128,942	1,88648	0,266788
125440	129,478	1,70217	0,240724	129,286	1,53476	0,217049	129,748	1,88602	0,266724	128,095	1,62907	0,230386
125952	130,619	1,71997	0,243241	130,895	1,7871	0,252734	130,738	1,61374	0,228218	129,41	1,75422	0,248084
126464	130,818	1,76169	0,24914	130,747	2,30182	0,325526	130,385	1,44916	0,204943	129,766	1,88564	0,26667
126976	130,963	1,49358	0,211224	131,016	2,33684	0,330478	131,049	1,65002	0,233348	129,695	1,57308	0,222467
127488	132,355	1,94532	0,275109	132,385	1,5889	0,224704	132,202	1,60053	0,22635	130,708	1,75498	0,248191
128000	131,582	1,31347	0,185753	132,053	1,65889	0,234603	132,219	1,95388	0,27632	130,88	1,71763	0,242909
128512	132,598	1,42912	0,202107	133,016	2,50485	0,354239	132,818	1,95588	0,276604	131,508	1,55572	0,220012
129024	134,314	2,07771	0,293832	133,695	1,57818	0,223188	133,562	1,97032	0,278646	132,847	1,89983	0,268676
129536	135,259	1,91253	0,270473	134,791	1,91073	0,270217	134,942	1,73574	0,245471	133,843	2,15814	0,305208
130048	134,329	2,03805	0,288223	134,738	1,63682	0,231481	134,788	1,8695	0,264387	134,11	2,27519	0,32176
130560	135,502	1,54501	0,218498	135,882	1,38687	0,196134	135,532	1,8115	0,256185	134,003	1,74427	0,246676
131072	136,278	1,66315	0,235205	136,119	2,01147	0,284464	135,659	1,45696	0,206045	134,406	2,01909	0,285542
131072	135,867	1,57923	0,223336	135,843	1,68948	0,238929	136,074	1,91935	0,271437	134,548	1,65353	0,233845
262144	268,397	2,09486	0,296257	268,385	2,36974	0,335132	268,27	1,85832	0,262806	266,93	2,46788	0,34901
393216	403,787	2,2885	0,323643	404,643	3,29741	0,466324	404,113	3,02081	0,427206	403,158	2,6709	0,377722
524288	539,674	2,28562	0,323236	540,216	3,18673	0,450672	539,893	2,55906	0,361906	539,037	3,69779	0,522946
655360	677,799	3,09684	0,43796	677,745	4,286	0,606132	677,553	3,64393	0,51533	675,873	3,23406	0,457365
786432	812,134	3,49714	0,49457	812,305	3,75473	0,530999	811,615	3,91763	0,554037	811,158	3,61598	0,511376
917504	945,49	3,15771	0,446567	946,975	4,29372	0,607224	947,704	5,38888	0,762103	945,561	4,00352	0,566183
1048576	1079,88	4,6849	0,662545	1079,39	4,26931	0,603771	1079,9	3,53321	0,499671	1078,09	3,23395	0,457349
1179648	1214,06	3,19789	0,452249	1214,75	4,51944	0,639145	1213,83	3,94908	0,558485	1213,65	4,64844	0,657388
1310720	1349,85	5,61942	0,794706	1350,05	4,48384	0,63411	1350,03	5,37025	0,759468	1349,98	5,7946	0,81948
1441792	1485,16	5,50592	0,778654	1485,64	4,47248	0,632505	1484,56	3,64585	0,515601	1484,51	4,57276	0,646686
1572864	1620,72	3,99773	0,565365	1621,09	4,57807	0,647437	1621,27	4,72664	0,668448	1620,4	4,2314	0,59841
1703936	1762,44	4,25421	0,601637	1763,81	5,45481	0,771426	1761,65	4,10327	0,58029	1762,53	5,04287	0,713169
1835008	1898,17	5,87773	0,831237	1899,63	6,35907	0,899308	1899,35	6,72313	0,950794	1897,47	5,61818	0,794531
1966080	2026,6	5,16075	0,72984	2026,73	5,83835	0,825667	2028,97	5,99032	0,847159	2026,15	5,88737	0,8326
2097152	2163,64	5,69961	0,806047	2162,2	4,366	0,617445	2162,78	5,85282	0,827713	2164,86	6,4151	0,907233
2228224	2297,36	6,6612	0,942037	2296,42	7,2268	1,02202	2297,26	6,98362	0,987633	2294,48	5,82053	0,823148
2359296	2433,58	6,25931	0,8852	2432,39	5,16168	0,729972	2432,04	6,21801	0,879359	2430,14	6,06798	0,858142
2490368	2581,38	6,34072	0,896714	2581,5	5,91481	0,83648	2581,61	6,87142	0,971766	2586,96	30,1704	4,26674
2621440	2703,67	5,44898	0,770603	2701,96	5,46753	0,773226	2701,85	6,14381	0,868867	2702,41	6,85125	0,968913
2752512	2841,89	5,79568	0,819634	2842,78	6,68954	0,946044	2843,77	6,50503	0,91995	2832,96	63,3003	8,95202
2883584	2974,36	6,49935	0,919148	2974,76	7,93709	1,12247	2975,22	5,80897	0,821513	2976,35	6,21387	0,878773
3014656	3125,84	6,28941	0,889457	3127,5	6,2854	0,88889	3127,36	6,7042	0,948118	3124,19	6,27805	0,88785
3145728	3257,98	7,44656	1,0531	3255,33	6,58578	0,93137	3253,98	6,47326	0,915457	3255,15	6,95885	0,98413
3276800	3378,83	7,39916	1,0464	3378,89	7,28836	1,03073	3380,09	7,7975	1,10273	3327,46	371,988	52,6071
3407872	3514,92	8,45079	1,19512	3513,64	7,56156	1,06937	3517,13	7,05477	0,997695	3515,33	5,03194	0,711624
3538944	3671,89	7,73462	1,09384	3671,13	8,28848	1,17217	3671,19	7,72134	1,09196	3670,98	9,16539	1,29618
3670016	3786,13	8,1995	1,15958	3787,19	8,23519	1,16463	3786,81	6,81923	0,964384	3785,92	7,45415	1,05418
3801088	3918,17	7,48622	1,05871	3922,14	7,80894	1,10435	3860,15	432,248	61,1291	3919,63	7,82955	1,10727
3932160	4070,02	7,14581	1,01057	4071,17	8,65314	1,22374	4069,99	8,14733	1,15221	4070,35	8,17303	1,15584
4063232	4205,17	8,33258	1,1784	4201,68	6,9774	0,986754	4205,65	8,2642	1,16873	4205,02	6,98644	0,988033
4194304	4324,8	7,33674	1,03757	4326,32	8,87382	1,25495	4327,21	9,38825	1,3277	4328,15	8,80962	1,24587
4325376	4479,45	8,35578	1,18169	4407,51	494,525	69,9363	4477,64	8,59585	1,21564	4479,2	8,31458	1,17586
4456448	4595,75	9,06898	1,28255	4523,67	506,758	71,6664	4598,26	8,7683	1,24003	4524,92	506,716	71,6605
4587520	4675,79	524,296	74,1467	4749,84	7,58319	1,07242	4750,42	9,55894	1,35184	4749,06	8,89665	1,25818
4718592	4888,36	10,5244	1,48837	4884,63	7,45981	1,05498	4884,62	9,81211	1,38764	4885,83	7,78227	1,10058
4849664	5002,95	6,91515	0,97795	5002,78	9,41209	1,33107	5000,3	7,01548	0,992139	5002,07	8,60278	1,21662
4980736	5157,5	8,32969	1,178	5156,95	7,25761	1,02638	5154,52	10,3879	1,46908	5156,68	8,29731	1,17342
5111808	5273,81	9,41969	1,33215	5273,79	8,96466	1,26779	5193,76	582,684	82,404	5273,82	7,24891	1,02515
5242880	5341,46	599,406	84,7688	5347,86	600,254	84,8888	5343,51	599,523	84,7853	5341	598,626	84,6584
5373952	5479,36	614,643	86,9236	5479,52	615,482	87,0423	5478,94	611,456	61,1455	5566,32	10,1538	1,43597
5505024	5587,31	627,05	88,6783	5586,83	626,692	88,6277	5588,78	627,141	88,6911	5683,43	13,0459	1,84497
5636096	5743,18	644,811	91,1901	5832,81	9,25841	1,30934	5742,87	644,732	91,1789	5742,08	643,985	91,0732
5767168	5857,79	654,037	65,4037	5857,9	654,16	65,416	5857,93	656,368	92,8245	5858,99	656,776	92,8822
5898240	6009,78	674,396	95,374	6013,03	675,134	95,4784	6106,93	10,989	1,55408	6008,79	673,347	95,2257
6029312	6120,33	686,561	97,0944	6120,6	686,696	97,1135	6123,1	687,023	97,1598	6122,46	686,403	97,072
6160384	6381,03	15,1494	2,14245	6281,29	706,535	99,9191	6382,45	42,7157	6,04091	6385,07	52,1816	7,3796
6291456	6389,57	713,352	71,3352	6495,93	20,1921	2,85559	6392,49	717,945	101,533	6399,28	718,185	101,567
6422528	6643,08	42,9248	6,07049	6544,17	734,658	103,896	6651,58	33,1435	4,6872	6548,06	734,813	103,918
6553600	6648,17	749,477	105,992	6649,56	747,89	105,768	6651,07	748,852	105,904	6655,22	743,62	74,362
6684672	6797,26	768,936	108,744	6797,6	769,833	108,871	6800,58	769,383	108,807	6802,67	770,661	108,988
6815744	6902,36	787,109	111,314	7019,75	88,8646	12,5673	6899,69	787,212	111,329	7016,9	118,202	16,7163
6946816	7058,06	807,579	114,209	7171,57	165,525	23,4087	7170,25	156,384	22,116	7061,77	804,597	113,787
7077888	7173,24	813,314	81,3314	7276,15	183,53	25,9551	7271,67	202,984	28,7063	7165,4	821,772	116,216
7208960	7316,54	851,352	120,399	7315,1	852,776	120,601	7467,47	11,9313	1,68734	7431,56	227,752	32,2089
7340032	7536,12	268,621	37,9887	7421,69	871,975	123,316	7418,85	873,962	123,597	7544,15	225,455	31,8841
7471104	7572,39	904,177	127,87	7572,73	897,925	126,986	7593,57	874,785	87,4785	7597,04	870,715	87,0715
7602176	7672,83	924,066	130,683	7676,01	916,345	129,591	7671,1	925,056	130,823	7805,32	292,117	41,3116
7733248	7835,36	946,551	133,863	7954,65	364,014	51,4794	7829	953,241	134,809	7835,46	946,698	133,883
7864320	7204,99	2352,61	125,752	7931,44	972,256	137,498	7934,69	973,886	137,728	7935,79	968,547	136,973
7995392	8089,07	1005,66	142,222	8118,26	969,681	96,9681	8088,41	1005,32	142,174	8227,35	376,701	53,2735
8126464	8186,81	1045,95	147,92	8316,93	480,958	68,0178	7380,02	2508,42	144,824	7455,33	2427,37	140,144
8257536	1131,33	287,566	20,334	8484,88	486,287	68,7714	8480,26	513,003	72,5495	8347,94	1077,25	152,347
8388608	8619,4	1707,3	170,73	8986,89	425,163	60,1271	7332,99	3047,83	136,303	8986,94	400,739	56,673
8519680	2094,94	1022,36	41,7375	2054,75	918,81	39,1782	2028,15	771,284	38,5642	2020,03	885,473	37,7567
8650752	1947,83	51,6027	7,29772	2098,3	996,825	39,0987	1936,85	81,1289	11,4734	2029,65	828,827	39,0713
8781824	1997,28	591,346	37,4	1939,85	65,6541	9,28489	1939,56	55,8349	7,89625	1944,71	77,4083	10,9472
8912896	1967,77	60,2683	8,52322	1943,01	70,8727	10,0229	1940,09	82,1378	11,616	1929,37	104,578	14,7895
9043968	2024,23	579,304	36,6384	1972,68	57,9156	8,1905	1972,21	66,3578	9,38441	1971,45	78,5274	11,1055
9175040	1959,65	57,4397	8,1232	1981,3	63,0915	8,92249	1966,63	60,2317	8,51805	2005,39	179,063	25,3233
9306112	1989,85	52,0243	7,35735	1973,5	92,0005	13,0108	1986,64	65,447	9,25561	2119,4	888,328	41,8762
9437184	2089,48	741,932	39,6579	2003,73	59,5751	8,42519	2115,23	818,057	40,9028	1997,43	87,9099	12,4323
9568256	2091,9	745,842	39,8669	1999,11	60,7964	8,59792	1997,12	65,9706	9,32965	2069,38	571,278	36,1308
9699328	2105,32	694,456	40,0945	2021,64	67,5776	9,55692	2019,28	61,275	8,66559	2113,37	758,912	37,9456
9830400	2050,05	83,4424	11,8005	2041,46	57,7724	8,17025	2154,79	850,636	42,5318	2035,74	106,672	15,0857
9961472	2189,69	911,987	40,7853	2043,31	61,7142	8,7277	2045,49	69,7541	9,86472	2056,7	100,695	14,2405
10092544	2049,89	79,7969	11,285	2168,87	810,583	43,3275	2043,63	57,7031	8,16045	2134,33	661,113	41,8125
10223616	2144,37	623,724	39,4478	2073,78	80,5963	11,398	2075,34	80,9413	11,4468	2177,47	782,591	41,8312
10354688	2221,59	885,334	44,2667	2202,53	843,226	39,75	2163,32	744,29	42,9716	2189,45	741,474	42,809
10485760	2091,49	83,0434	11,7441	2248,77	932,03	41,6816	2070,64	74,9567	10,6005	2168,29	669,947	38,6794
10616832	2089,89	84,3931	11,935	2306,82	1044,26	44,5275	2096,47	84,9691	12,0165	2214,33	719,144	41,5198
10747904	2117,13	92,9867	13,1503	2097,59	95,054	13,4427	2320,7	1057,81	43,185	2209,19	697,616	44,1211
10878976	2300,15	963,769	45,4325	2136,45	135,518	19,1652	2094,61	70,5633	9,97915	2144,02	123,493	17,4645
11010048	2143,63	84,527	11,9539	2164,26	101,891	14,4095	2127,91	69,5185	9,83139	2221,82	462,063	37,7273
11141120	2137,09	107,147	15,1529	2231,42	659,043	38,0499	2204,65	629,151	39,791	2178,29	109,315	15,4595
11272192	2209,23	476,85	38,9346	2162,91	79,2095	11,2019	2262,51	744,097	39,7737	2215,65	127,824	18,077
11403264	2336,82	905,882	45,2941	2238,93	642,609	40,6421	2294,51	754,764	40,3438	2196,32	124,429	17,597
11534336	2275,52	643,081	40,672	2240,8	100,299	14,1844	2384,21	984,209	46,3961	2365,93	816,116	47,1185
11665408	2245,58	492,995	40,2529	2210,15	113,524	16,0547	2423,14	996,055	46,9545	2240,86	126,203	17,8479
11796480	2390	933,485	46,6742	2254,03	103,997	14,7074	2480,23	1047,48	46,8446	2250,49	144,264	20,4021
11927552	2358,58	787,695	45,4776	2442,41	1014,15	47,8076	2299,36	121,89	17,2378	2287,36	102,843	14,5442
12058624	2538,6	1193,53	48,7256	2545,82	1221,37	49,8621	2377,86	705,281	40,7194	2471,68	951,365	47,5682
12189696	2462,58	943,715	44,4872	2416,03	795,056	45,9026	2556,64	1113,6	49,8015	2540,04	1123,9	47,9231
12320768	2515,45	1003,16	50,158	2358,15	110,077	15,5672	2511,29	928,887	49,6511	2411,3	729,974	42,1451
12451840	2410,54	111,047	15,7044	2383,3	105,308	14,8928	2407,72	101,062	14,2923	2403,18	530,072	43,2802
12582912	2682,81	55,6245	7,86649	2728,91	438,946	43,8946	2678,34	62,1475	8,78899	2666,61	234,129	33,1108
12713984	2712,48	63,7089	9,0098	2909,31	913,461	57,7723	2838,79	771,622	54,5619	2818,83	808,901	51,1594
12845056	2728,81	65,7929	9,30452	2725,64	81,4181	11,5143	2783,34	529,767	43,2553	2722,71	82,9148	11,7259
12976128	2779,78	499,688	40,7994	2761,93	457,791	45,7791	2719,55	69,7589	9,86539	2794,93	638,189	52,1079
13107200	2768,62	45,4006	6,42061	2761,41	47,156	6,66886	2852,19	644,694	52,639	2738,23	104,827	14,8247
13238272	2766,84	57,9801	8,19962	2762,68	47,8647	6,76909	2861,07	657,322	53,6701	2757,68	104,361	14,7589
13369344	2776,59	65,7139	9,29335	2914,6	798,742	56,4796	2929,95	820,378	51,8853	2766,82	85,5668	12,101
13500416	2845,72	482,043	48,2043	2932,65	745,141	52,6894	2848,3	484,025	48,4025	2807,98	49,6908	7,02734
13631488	2995,59	918,771	53,0453	2831,37	71,5934	10,1248	2982,62	856,912	54,1959	2802,63	87,392	12,3591
13762560	2938,12	762,556	53,9209	2871,43	487,307	48,7307	2831,34	62,5485	8,84569	2818,86	87,8362	12,4219
13893632	2973,01	764,848	54,0829	2846,26	70,8037	10,0132	2914,25	489,681	48,9681	2911,85	490,04	49,004
14024704	2913,96	578,576	47,2405	2864,86	50,2328	7,10399	2922,04	503,522	50,3522	2851,1	83,2225	11,7694
14155776	2868,62	74,7798	10,5755	3037,55	875,651	55,381	2986,71	696,183	49,2276	2972,88	704,151	49,791
14286848	3022,77	777,549	49,1765	2949,76	510,176	51,0176	3061,29	822,79	58,18	3051,36	894,83	56,594
14417920	3045,07	802,133	56,7194	3023,93	724,798	59,1795	3068,25	809,017	57,2061	3060,45	907,908	57,4212
14548992	3055,56	848,307	53,6516	2918,42	78,9492	11,1651	2928,95	85,4945	12,0908	2955,16	521,321	52,1321
14680064	3101,58	732,06	59,7724	3106,93	730,842	51,6783	2961,14	100,152	14,1636	3085,93	817,542	57,809
14811136	3096,83	738,616	60,3078	3048,3	603,765	49,2972	2999,67	46,0156	6,50759	2981,72	536,492	53,6492
14942208	2988,51	66,5576	9,41266	3006,54	63,1133	8,92556	3071,5	606,199	49,4959	2953,81	155,268	21,9582
15073280	3080,35	531,082	53,1082	3027,59	70,2081	9,92893	3093	756,865	61,7977	2931,74	125,694	17,7759
15204352	3100,49	534,253	53,4253	3046,59	49,2692	6,96772	3171,93	842,544	59,5769	3028,5	550,793	55,0793
15335424	3066,66	39,4529	5,57949	3059,46	63,3207	8,9549	3164,92	848,667	60,0098	3266,03	1285,96	64,2982
15466496	3284,34	1022,65	64,678	3098,05	47,8251	6,76349	3129,69	549,602	54,9602	3358,83	1389,68	65,5103
15597568	3218,5	778,378	55,0396	3096,11	51,5265	7,28695	3092,25	68,8235	9,73311	3084,81	686,066	48,5122
15728640	3125,46	38,3058	5,41726	3109,21	63,9888	9,04938	3151,19	787,157	55,6604	3045,28	100,754	14,2487
15859712	3193,58	559,285	55,9285	3141,27	70,9452	10,0332	3063,75	104,6	14,7927	3036,76	95,6265	13,5236
15990784	3169,96	57,571	8,14177	3156,47	64,7697	9,15982	3156,9	661,058	53,9752	3040,82	89,299	12,6288
16121856	3147,67	72,5621	10,2618	3156,59	69,8947	9,8846	3090,6	101,213	14,3137	3082,67	107,264	15,1694
16252928	3190,52	71,3996	10,0974	3180,6	73,2403	10,3577	3131,67	94,0845	13,3056	3383,24	1221,52	65,2931
16384000	3199,28	63,1784	8,93477	3208,85	77,333	10,9365	3153,4	108,977	15,4117	3247,64	840,245	59,4143
16515072	3203,47	71,9755	10,1789	3200,07	79,7662	11,2806	3136,27	92,3832	13,065	3227,17	683,645	55,8194
16646144	3237,46	77,8543	11,0103	3232,4	79,3881	11,2272	3169,24	101,158	14,3059	3176,02	111,37	15,7501
16777216	3476,65	47,9809	6,78553	3482,67	87,1041	12,3184	3474,19	77,3994	10,9459	3549,35	668,799	54,6072

